[2022-09-18 08:39:51.159] [renderer1] [critical] Extension 'tabnine.tabnine-vscode' wants API proposal 'inlineCompletions' but that proposal DOES NOT EXIST. Likely, the proposal has been finalized (check 'vscode.d.ts') or was abandoned.
[2022-09-18 08:39:51.318] [renderer1] [error] [xabikos.JavaScriptSnippets]: Unknown language in `contributes.JavaScriptSnippets.language`. Provided value: vue
[2022-09-18 08:39:59.915] [renderer1] [info] UNRESPONSIVE extension host: starting to profile NOW
[2022-09-18 08:40:01.643] [renderer1] [info] UNRESPONSIVE extension host: received responsive event and cancelling profiling session
[2022-09-18 08:40:01.672] [renderer1] [warning] UNRESPONSIVE extension host: 's-nlf-fh.glassit' took 80% of 1809.4ms, saved PROFILE here: 'file:///tmp/exthost-b5eada.cpuprofile' [{"id":"gc","total":4493,"percentage":0},{"id":"s-nlf-fh.glassit","total":1440023,"percentage":80},{"id":"self","total":307037,"percentage":17},{"id":"TabNine.tabnine-vscode","total":32123,"percentage":2},{"id":"vscode-icons-team.vscode-icons","total":24354,"percentage":1},{"id":"vscode.typescript-language-features","total":1231,"percentage":0}]
[2022-09-18 08:40:02.817] [renderer1] [error] [Extension Host] /bin/sh: line 1: hostname: command not found
[2022-09-18 08:40:12.093] [renderer1] [info] UNRESPONSIVE extension host: starting to profile NOW
[2022-09-18 08:40:17.263] [renderer1] [warning] UNRESPONSIVE extension host: 'dsznajder.es7-react-js-snippets' took 71% of 5229.943ms, saved PROFILE here: 'file:///tmp/exthost-9660c0.cpuprofile' [{"id":"dsznajder.es7-react-js-snippets","total":3735191,"percentage":71},{"id":"eamodio.gitlens","total":13184,"percentage":0},{"id":"gc","total":20069,"percentage":0},{"id":"ms-vscode-remote.remote-containers","total":10929,"percentage":0},{"id":"ms-vscode-remote.remote-wsl","total":192158,"percentage":4},{"id":"self","total":1258326,"percentage":24}]
[2022-09-18 08:40:18.443] [renderer1] [error] [Extension Host] Error: Binary request timed out. {"Features":{}}
    at Timeout._onTimeout (/home/aboka/.vscode/extensions/tabnine.tabnine-vscode-3.6.15/out/extension.js:17:33073)
    at listOnTimeout (node:internal/timers:559:17)
    at processTimers (node:internal/timers:502:7)
[2022-09-18 08:40:18.444] [renderer1] [error] [Extension Host] Error: Could not get enabled capabilities
    at Object.t.getCapabilities (/home/aboka/.vscode/extensions/tabnine.tabnine-vscode-3.6.15/out/extension.js:17:45079)
    at runNextTicks (node:internal/process/task_queues:61:5)
    at processTimers (node:internal/timers:499:9)
    at l (/home/aboka/.vscode/extensions/tabnine.tabnine-vscode-3.6.15/out/extension.js:17:51517)
[2022-09-18 08:40:23.118] [renderer1] [error] [Extension Host] Error: Binary request timed out. {"NotifyWorkspaceChanged":{"workspace_folders":["/home/aboka/Downloads/умт 200","/home/aboka/Projects/e-commerce-app"]}}
    at Timeout._onTimeout (/home/aboka/.vscode/extensions/tabnine.tabnine-vscode-3.6.15/out/extension.js:17:33073)
    at listOnTimeout (node:internal/timers:559:17)
    at processTimers (node:internal/timers:502:7)
[2022-09-18 08:40:24.118] [renderer1] [error] [Extension Host] Error: Binary request timed out. {"State":{}}
    at Timeout._onTimeout (/home/aboka/.vscode/extensions/tabnine.tabnine-vscode-3.6.15/out/extension.js:17:33073)
    at listOnTimeout (node:internal/timers:559:17)
    at processTimers (node:internal/timers:502:7)
[2022-09-18 08:40:25.120] [renderer1] [error] [Extension Host] Error: Binary request timed out. {"State":{}}
    at Timeout._onTimeout (/home/aboka/.vscode/extensions/tabnine.tabnine-vscode-3.6.15/out/extension.js:17:33073)
    at listOnTimeout (node:internal/timers:559:17)
    at processTimers (node:internal/timers:502:7)
[2022-09-18 08:40:29.121] [renderer1] [error] [Extension Host] Error: Binary request timed out. {"SetState":{"state_type":{"StatusShown":{"id":"see-tabnine-insights_2022-09-18 02:40:17.338519311 UTC","text":"See Tabnine Insights 💪","notification_type":"System","state":null}}}}
    at Timeout._onTimeout (/home/aboka/.vscode/extensions/tabnine.tabnine-vscode-3.6.15/out/extension.js:17:33073)
    at listOnTimeout (node:internal/timers:559:17)
    at processTimers (node:internal/timers:502:7)
