[2022-10-04 21:56:14.256] [renderer1] [warning] Ignoring the error while validating workspace folder file:///home/aboka/Projects/rust/training - Error: ENOENT: no such file or directory, stat '/home/aboka/Projects/rust/training'
[2022-10-04 21:56:16.194] [renderer1] [critical] Extension 'tabnine.tabnine-vscode' wants API proposal 'inlineCompletions' but that proposal DOES NOT EXIST. Likely, the proposal has been finalized (check 'vscode.d.ts') or was abandoned.
[2022-10-04 21:56:16.330] [renderer1] [error] [xabikos.JavaScriptSnippets]: Unknown language in `contributes.JavaScriptSnippets.language`. Provided value: vue
[2022-10-04 21:56:23.257] [renderer1] [info] UNRESPONSIVE extension host: starting to profile NOW
[2022-10-04 21:56:24.625] [renderer1] [info] UNRESPONSIVE extension host: received responsive event and cancelling profiling session
[2022-10-04 21:56:24.650] [renderer1] [error] [Extension Host] /bin/sh: line 1: hostname: command not found
[2022-10-04 21:56:24.749] [renderer1] [warning] UNRESPONSIVE extension host: 'vscode.microsoft-authentication' took 30% of 1436.013ms, saved PROFILE here: 'file:///tmp/exthost-ebca19.cpuprofile' [{"id":"christian-kohler.npm-intellisense","total":152,"percentage":0},{"id":"christian-kohler.path-intellisense","total":316,"percentage":0},{"id":"ecmel.vscode-html-css","total":316,"percentage":0},{"id":"formulahendry.auto-rename-tag","total":7820,"percentage":1},{"id":"gc","total":11575,"percentage":1},{"id":"leizongmin.node-module-intellisense","total":613,"percentage":0},{"id":"mgmcdermott.vscode-language-babel","total":152,"percentage":0},{"id":"program","total":150,"percentage":0},{"id":"s-nlf-fh.glassit","total":143368,"percentage":10},{"id":"self","total":281200,"percentage":20},{"id":"TabNine.tabnine-vscode","total":87594,"percentage":6},{"id":"vscode-icons-team.vscode-icons","total":28668,"percentage":2},{"id":"vscode.git-base","total":159,"percentage":0},{"id":"vscode.github-authentication","total":189457,"percentage":13},{"id":"vscode.ipynb","total":787,"percentage":0},{"id":"vscode.microsoft-authentication","total":425503,"percentage":30},{"id":"vscode.typescript-language-features","total":258064,"percentage":18}]
[2022-10-04 21:56:28.019] [renderer1] [error] ENOENT: no such file or directory, scandir '/home/aboka/Projects/rust/training': Error: ENOENT: no such file or directory, scandir '/home/aboka/Projects/rust/training'
[2022-10-04 21:56:35.262] [renderer1] [error] [Extension Host] Error: Binary request timed out. {"Features":{}}
    at Timeout._onTimeout (/home/aboka/.vscode/extensions/tabnine.tabnine-vscode-3.6.15/out/extension.js:17:33073)
    at listOnTimeout (node:internal/timers:559:17)
    at processTimers (node:internal/timers:502:7)
[2022-10-04 21:56:35.262] [renderer1] [error] [Extension Host] Error: Could not get enabled capabilities
    at Object.t.getCapabilities (/home/aboka/.vscode/extensions/tabnine.tabnine-vscode-3.6.15/out/extension.js:17:45079)
    at runNextTicks (node:internal/process/task_queues:61:5)
    at processTimers (node:internal/timers:499:9)
    at l (/home/aboka/.vscode/extensions/tabnine.tabnine-vscode-3.6.15/out/extension.js:17:51517)
[2022-10-04 21:56:44.107] [renderer1] [error] 'github' authentication is required for this operation: Error: 'github' authentication is required for this operation
    at R.getSession (/home/aboka/.vscode/extensions/eamodio.gitlens-12.2.2/dist/feature-github.js:454:9626)
    at processTicksAndRejections (node:internal/process/task_queues:96:5)
