[2022-09-19 18:34:42.912] [renderer1] [critical] Extension 'tabnine.tabnine-vscode' wants API proposal 'inlineCompletions' but that proposal DOES NOT EXIST. Likely, the proposal has been finalized (check 'vscode.d.ts') or was abandoned.
[2022-09-19 18:34:44.254] [renderer1] [error] [xabikos.JavaScriptSnippets]: Unknown language in `contributes.JavaScriptSnippets.language`. Provided value: vue
[2022-09-19 18:34:55.324] [renderer1] [info] UNRESPONSIVE extension host: starting to profile NOW
[2022-09-19 18:34:59.911] [renderer1] [info] UNRESPONSIVE extension host: received responsive event and cancelling profiling session
[2022-09-19 18:34:59.978] [renderer1] [warning] UNRESPONSIVE extension host: 's-nlf-fh.glassit' took 73% of 4641.596ms, saved PROFILE here: 'file:///tmp/exthost-f63619.cpuprofile' [{"id":"ecmel.vscode-html-css","total":47166,"percentage":1},{"id":"formulahendry.auto-rename-tag","total":17529,"percentage":0},{"id":"gc","total":25530,"percentage":1},{"id":"program","total":304,"percentage":0},{"id":"s-nlf-fh.glassit","total":3370493,"percentage":73},{"id":"self","total":995562,"percentage":21},{"id":"TabNine.tabnine-vscode","total":31683,"percentage":1},{"id":"vscode-icons-team.vscode-icons","total":28176,"percentage":1},{"id":"vscode.github-authentication","total":125073,"percentage":3}]
[2022-09-19 18:35:04.387] [renderer1] [info] UNRESPONSIVE extension host: starting to profile NOW
[2022-09-19 18:35:05.609] [renderer1] [error] [Extension Host] /bin/sh: line 1: hostname: command not found
[2022-09-19 18:35:05.629] [renderer1] [info] UNRESPONSIVE extension host: received responsive event and cancelling profiling session
[2022-09-19 18:35:05.678] [renderer1] [warning] UNRESPONSIVE extension host: 'vscode.microsoft-authentication' took 34% of 1330.851ms, saved PROFILE here: 'file:///tmp/exthost-8f2f67.cpuprofile' [{"id":"christian-kohler.npm-intellisense","total":457,"percentage":0},{"id":"christian-kohler.path-intellisense","total":764,"percentage":0},{"id":"dsznajder.es7-react-js-snippets","total":154,"percentage":0},{"id":"ecmel.vscode-html-css","total":615,"percentage":0},{"id":"formulahendry.auto-rename-tag","total":14862,"percentage":1},{"id":"gc","total":2470,"percentage":0},{"id":"leizongmin.node-module-intellisense","total":1340,"percentage":0},{"id":"mgmcdermott.vscode-language-babel","total":609,"percentage":0},{"id":"program","total":1387,"percentage":0},{"id":"s-nlf-fh.glassit","total":98030,"percentage":7},{"id":"self","total":24064,"percentage":2},{"id":"TabNine.tabnine-vscode","total":60312,"percentage":5},{"id":"vscode-icons-team.vscode-icons","total":7182,"percentage":1},{"id":"vscode.debug-auto-launch","total":319,"percentage":0},{"id":"vscode.git-base","total":158,"percentage":0},{"id":"vscode.github-authentication","total":338444,"percentage":25},{"id":"vscode.ipynb","total":1406,"percentage":0},{"id":"vscode.microsoft-authentication","total":450683,"percentage":34},{"id":"vscode.typescript-language-features","total":327496,"percentage":25}]
[2022-09-19 18:35:15.457] [renderer1] [error] [Extension Host] Error: Binary request timed out. {"Features":{}}
    at Timeout._onTimeout (/home/aboka/.vscode/extensions/tabnine.tabnine-vscode-3.6.15/out/extension.js:17:33073)
    at listOnTimeout (node:internal/timers:559:17)
    at processTimers (node:internal/timers:502:7)
[2022-09-19 18:35:15.458] [renderer1] [error] [Extension Host] Error: Could not get enabled capabilities
    at Object.t.getCapabilities (/home/aboka/.vscode/extensions/tabnine.tabnine-vscode-3.6.15/out/extension.js:17:45079)
    at l (/home/aboka/.vscode/extensions/tabnine.tabnine-vscode-3.6.15/out/extension.js:17:51517)
[2022-09-19 18:35:20.459] [renderer1] [error] [Extension Host] Error: Binary request timed out. {"NotifyWorkspaceChanged":{"workspace_folders":["/home/aboka/Downloads/умт 200","/home/aboka/Projects/e-commerce-app"]}}
    at Timeout._onTimeout (/home/aboka/.vscode/extensions/tabnine.tabnine-vscode-3.6.15/out/extension.js:17:33073)
    at listOnTimeout (node:internal/timers:559:17)
    at processTimers (node:internal/timers:502:7)
[2022-09-19 18:35:21.457] [renderer1] [error] [Extension Host] Error: Binary request timed out. {"State":{}}
    at Timeout._onTimeout (/home/aboka/.vscode/extensions/tabnine.tabnine-vscode-3.6.15/out/extension.js:17:33073)
    at listOnTimeout (node:internal/timers:559:17)
    at processTimers (node:internal/timers:502:7)
[2022-09-19 18:35:22.457] [renderer1] [error] [Extension Host] Error: Binary request timed out. {"State":{}}
    at Timeout._onTimeout (/home/aboka/.vscode/extensions/tabnine.tabnine-vscode-3.6.15/out/extension.js:17:33073)
    at listOnTimeout (node:internal/timers:559:17)
    at processTimers (node:internal/timers:502:7)
[2022-09-19 18:35:23.459] [renderer1] [error] [Extension Host] Error: Binary request timed out. {"State":{}}
    at Timeout._onTimeout (/home/aboka/.vscode/extensions/tabnine.tabnine-vscode-3.6.15/out/extension.js:17:33073)
    at listOnTimeout (node:internal/timers:559:17)
    at processTimers (node:internal/timers:502:7)
[2022-09-19 18:35:24.459] [renderer1] [error] [Extension Host] Error: Binary request timed out. {"State":{}}
    at Timeout._onTimeout (/home/aboka/.vscode/extensions/tabnine.tabnine-vscode-3.6.15/out/extension.js:17:33073)
    at listOnTimeout (node:internal/timers:559:17)
    at processTimers (node:internal/timers:502:7)
[2022-09-19 18:35:25.458] [renderer1] [error] [Extension Host] Error: Binary request timed out. {"State":{}}
    at Timeout._onTimeout (/home/aboka/.vscode/extensions/tabnine.tabnine-vscode-3.6.15/out/extension.js:17:33073)
    at listOnTimeout (node:internal/timers:559:17)
    at processTimers (node:internal/timers:502:7)
[2022-09-19 18:35:26.470] [renderer1] [error] [Extension Host] Error: Binary request timed out. {"State":{}}
    at Timeout._onTimeout (/home/aboka/.vscode/extensions/tabnine.tabnine-vscode-3.6.15/out/extension.js:17:33073)
    at listOnTimeout (node:internal/timers:559:17)
    at processTimers (node:internal/timers:502:7)
[2022-09-19 18:35:28.207] [renderer1] [error] [Extension Host] Error: Binary request timed out. {"SetState":{"state_type":{"StatusShown":{"id":"see-tabnine-insights_2022-09-19 12:35:19.711365090 UTC","text":"See Tabnine Insights 💪","notification_type":"System","state":null}}}}
    at Timeout._onTimeout (/home/aboka/.vscode/extensions/tabnine.tabnine-vscode-3.6.15/out/extension.js:17:33073)
    at listOnTimeout (node:internal/timers:559:17)
    at processTimers (node:internal/timers:502:7)
[2022-09-19 18:35:29.207] [renderer1] [error] [Extension Host] Error: Binary request timed out. {"State":{}}
    at Timeout._onTimeout (/home/aboka/.vscode/extensions/tabnine.tabnine-vscode-3.6.15/out/extension.js:17:33073)
    at listOnTimeout (node:internal/timers:559:17)
    at processTimers (node:internal/timers:502:7)
[2022-09-19 18:35:30.207] [renderer1] [error] [Extension Host] Error: Binary request timed out. {"State":{}}
    at Timeout._onTimeout (/home/aboka/.vscode/extensions/tabnine.tabnine-vscode-3.6.15/out/extension.js:17:33073)
    at listOnTimeout (node:internal/timers:559:17)
    at processTimers (node:internal/timers:502:7)
[2022-09-19 18:57:35.961] [renderer1] [error] [Extension Host] Error: Could not get enabled capabilities
    at Object.t.getCapabilities (/home/aboka/.vscode/extensions/tabnine.tabnine-vscode-3.6.15/out/extension.js:17:45079)
    at processTicksAndRejections (node:internal/process/task_queues:96:5)
    at l (/home/aboka/.vscode/extensions/tabnine.tabnine-vscode-3.6.15/out/extension.js:17:51517)
