2022-12-12 22:26:07.352 [info] Added views:workbench.panel.markers.view in workbench.panel.markers
2022-12-12 22:26:07.352 [info] Added views:workbench.panel.output in workbench.panel.output
2022-12-12 22:26:07.352 [info] Added views:terminal in terminal
2022-12-12 22:26:07.352 [info] Added views:outline in workbench.view.explorer
2022-12-12 22:26:07.352 [info] Added views:workbench.scm in workbench.view.scm
2022-12-12 22:26:07.352 [info] Added views:workbench.view.search in workbench.view.search
2022-12-12 22:26:07.352 [info] Added views:timeline in workbench.view.explorer
2022-12-12 22:26:07.352 [info] Added views:workbench.explorer.fileView in workbench.view.explorer
2022-12-12 22:26:07.353 [info] Added views:workbench.debug.variablesView,workbench.debug.watchExpressionsView,workbench.debug.callStackView,workbench.debug.breakPointsView in workbench.view.debug
2022-12-12 22:26:07.792 [info] Added views:gitlens.views.home in workbench.view.extension.gitlens
2022-12-12 22:26:07.798 [info] Added views:gitlens.views.timeline in workbench.view.extension.gitlensPanel
2022-12-12 22:26:07.798 [info] Added views:gitlens.views.commits,gitlens.views.commitDetails,gitlens.views.fileHistory,gitlens.views.branches,gitlens.views.remotes,gitlens.views.stashes,gitlens.views.tags,gitlens.views.worktrees,gitlens.views.searchAndCompare in workbench.view.scm
2022-12-12 22:26:07.799 [info] Added views:pr:github,issues:github in workbench.view.extension.github-pull-requests
2022-12-12 22:26:07.799 [info] Added views:dockerContainers,dockerImages,dockerRegistries,dockerNetworks,dockerVolumes,vscode-docker.views.dockerContexts,vscode-docker.views.help in workbench.view.extension.dockerView
2022-12-12 22:26:07.799 [info] Added views:jupyterViewVariables in workbench.view.extension.jupyter-variables
2022-12-12 22:26:07.800 [info] Added views:targetsContainers,devVolumes in workbench.view.remote
2022-12-12 22:26:07.800 [info] Added views:vscode-rapidapi-client.panel in workbench.view.extension.rapidapi-explorer
2022-12-12 22:26:08.067 [info] Added views:workbench.panel.repl.view in workbench.panel.repl
2022-12-12 22:26:08.068 [info] Removed views:workbench.debug.breakPointsView,workbench.debug.callStackView,workbench.debug.watchExpressionsView,workbench.debug.variablesView from workbench.view.debug
2022-12-12 22:26:08.068 [info] Added views:workbench.debug.welcome in workbench.view.debug
2022-12-12 22:26:08.532 [info] Added views:workbench.panel.comments in workbench.panel.comments
2022-12-12 22:26:11.639 [info] Added views:tabnine-home in workbench.view.extension.tabnine-access
2022-12-12 22:26:11.640 [info] Added views:tabnine-notifications in workbench.view.extension.tabnine-access
2022-12-12 22:26:11.640 [info] Added views:tabnine-today in workbench.view.extension.tabnine-access
