[2022-09-18 21:11:39.310] [renderer1] [critical] Extension 'tabnine.tabnine-vscode' wants API proposal 'inlineCompletions' but that proposal DOES NOT EXIST. Likely, the proposal has been finalized (check 'vscode.d.ts') or was abandoned.
[2022-09-18 21:11:41.152] [renderer1] [error] [xabikos.JavaScriptSnippets]: Unknown language in `contributes.JavaScriptSnippets.language`. Provided value: vue
[2022-09-18 21:11:52.921] [renderer1] [info] UNRESPONSIVE extension host: starting to profile NOW
[2022-09-18 21:11:57.996] [renderer1] [warning] UNRESPONSIVE extension host: 'christian-kohler.path-intellisense' took 54% of 5080.921ms, saved PROFILE here: 'file:///tmp/exthost-5dc707.cpuprofile' [{"id":"christian-kohler.path-intellisense","total":2749533,"percentage":54},{"id":"ecmel.vscode-html-css","total":19876,"percentage":0},{"id":"formulahendry.auto-rename-tag","total":17235,"percentage":0},{"id":"gc","total":1820,"percentage":0},{"id":"self","total":1795257,"percentage":35},{"id":"vscode.debug-auto-launch","total":196073,"percentage":4},{"id":"vscode.git-base","total":78147,"percentage":2},{"id":"vscode.ipynb","total":1378,"percentage":0},{"id":"vscode.microsoft-authentication","total":221534,"percentage":4}]
[2022-09-18 21:12:03.576] [renderer1] [error] [Extension Host] /bin/sh: line 1: hostname: command not found
[2022-09-18 21:12:08.007] [renderer1] [info] UNRESPONSIVE extension host: starting to profile NOW
[2022-09-18 21:12:13.087] [renderer1] [warning] UNRESPONSIVE extension host: 'dsznajder.es7-react-js-snippets' took 56% of 5116.186ms, saved PROFILE here: 'file:///tmp/exthost-baae25.cpuprofile' [{"id":"dsznajder.es7-react-js-snippets","total":2851454,"percentage":56},{"id":"eamodio.gitlens","total":17865,"percentage":0},{"id":"gc","total":40125,"percentage":1},{"id":"ms-vscode-remote.remote-containers","total":12654,"percentage":0},{"id":"ms-vscode-remote.remote-wsl","total":141817,"percentage":3},{"id":"PKief.material-icon-theme","total":5034,"percentage":0},{"id":"RapidAPI.vscode-rapidapi-client","total":53713,"percentage":1},{"id":"self","total":1993459,"percentage":39}]
[2022-09-18 21:12:16.239] [renderer1] [error] [Extension Host] Error: Binary request timed out. {"Features":{}}
    at Timeout._onTimeout (/home/aboka/.vscode/extensions/tabnine.tabnine-vscode-3.6.15/out/extension.js:17:33073)
    at listOnTimeout (node:internal/timers:559:17)
    at processTimers (node:internal/timers:502:7)
[2022-09-18 21:12:16.240] [renderer1] [error] [Extension Host] Error: Could not get enabled capabilities
    at Object.t.getCapabilities (/home/aboka/.vscode/extensions/tabnine.tabnine-vscode-3.6.15/out/extension.js:17:45079)
    at runNextTicks (node:internal/process/task_queues:61:5)
    at processTimers (node:internal/timers:499:9)
    at l (/home/aboka/.vscode/extensions/tabnine.tabnine-vscode-3.6.15/out/extension.js:17:51517)
[2022-09-18 21:12:19.167] [renderer1] [error] [Extension Host] Error: Binary request timed out. {"NotifyWorkspaceChanged":{"workspace_folders":["/home/aboka/Downloads/умт 200","/home/aboka/Projects/e-commerce-app"]}}
    at Timeout._onTimeout (/home/aboka/.vscode/extensions/tabnine.tabnine-vscode-3.6.15/out/extension.js:17:33073)
    at listOnTimeout (node:internal/timers:559:17)
    at processTimers (node:internal/timers:502:7)
[2022-09-18 21:12:20.167] [renderer1] [error] [Extension Host] Error: Binary request timed out. {"State":{}}
    at Timeout._onTimeout (/home/aboka/.vscode/extensions/tabnine.tabnine-vscode-3.6.15/out/extension.js:17:33073)
    at listOnTimeout (node:internal/timers:559:17)
    at processTimers (node:internal/timers:502:7)
[2022-09-18 21:12:21.192] [renderer1] [error] [Extension Host] Error: Binary request timed out. {"State":{}}
    at Timeout._onTimeout (/home/aboka/.vscode/extensions/tabnine.tabnine-vscode-3.6.15/out/extension.js:17:33073)
    at listOnTimeout (node:internal/timers:559:17)
    at processTimers (node:internal/timers:502:7)
[2022-09-18 21:12:22.183] [renderer1] [error] [Extension Host] Error: Binary request timed out. {"State":{}}
    at Timeout._onTimeout (/home/aboka/.vscode/extensions/tabnine.tabnine-vscode-3.6.15/out/extension.js:17:33073)
    at listOnTimeout (node:internal/timers:559:17)
    at processTimers (node:internal/timers:502:7)
[2022-09-18 21:12:23.183] [renderer1] [error] [Extension Host] Error: Binary request timed out. {"State":{}}
    at Timeout._onTimeout (/home/aboka/.vscode/extensions/tabnine.tabnine-vscode-3.6.15/out/extension.js:17:33073)
    at listOnTimeout (node:internal/timers:559:17)
    at processTimers (node:internal/timers:502:7)
[2022-09-18 21:12:24.183] [renderer1] [error] [Extension Host] Error: Binary request timed out. {"State":{}}
    at Timeout._onTimeout (/home/aboka/.vscode/extensions/tabnine.tabnine-vscode-3.6.15/out/extension.js:17:33073)
    at listOnTimeout (node:internal/timers:559:17)
    at processTimers (node:internal/timers:502:7)
[2022-09-18 21:12:25.183] [renderer1] [error] [Extension Host] Error: Binary request timed out. {"State":{}}
    at Timeout._onTimeout (/home/aboka/.vscode/extensions/tabnine.tabnine-vscode-3.6.15/out/extension.js:17:33073)
    at listOnTimeout (node:internal/timers:559:17)
    at processTimers (node:internal/timers:502:7)
[2022-09-18 21:12:26.184] [renderer1] [error] [Extension Host] Error: Binary request timed out. {"State":{}}
    at Timeout._onTimeout (/home/aboka/.vscode/extensions/tabnine.tabnine-vscode-3.6.15/out/extension.js:17:33073)
    at listOnTimeout (node:internal/timers:559:17)
    at processTimers (node:internal/timers:502:7)
[2022-09-18 21:12:27.185] [renderer1] [error] [Extension Host] Error: Binary request timed out. {"StartupActions":{}}
    at Timeout._onTimeout (/home/aboka/.vscode/extensions/tabnine.tabnine-vscode-3.6.15/out/extension.js:17:33073)
    at listOnTimeout (node:internal/timers:559:17)
    at processTimers (node:internal/timers:502:7)
[2022-09-18 21:12:28.185] [renderer1] [error] [Extension Host] Error: Binary request timed out. {"Notifications":{}}
    at Timeout._onTimeout (/home/aboka/.vscode/extensions/tabnine.tabnine-vscode-3.6.15/out/extension.js:17:33073)
    at listOnTimeout (node:internal/timers:559:17)
    at processTimers (node:internal/timers:502:7)
[2022-09-18 21:12:29.187] [renderer1] [error] [Extension Host] Error: Binary request timed out. {"StatusBar":{}}
    at Timeout._onTimeout (/home/aboka/.vscode/extensions/tabnine.tabnine-vscode-3.6.15/out/extension.js:17:33073)
    at listOnTimeout (node:internal/timers:559:17)
    at processTimers (node:internal/timers:502:7)
[2022-09-18 21:12:30.186] [renderer1] [error] [Extension Host] Error: Binary request timed out. {"State":{}}
    at Timeout._onTimeout (/home/aboka/.vscode/extensions/tabnine.tabnine-vscode-3.6.15/out/extension.js:17:33073)
    at listOnTimeout (node:internal/timers:559:17)
    at processTimers (node:internal/timers:502:7)
