[Info] /home/aboka/.ssh/config: ENOENT: no such file or directory, open '/home/aboka/.ssh/config'
[Info] Registering git provider
[Info] Looking for git repository
[Info] Found 0 repositories during activation
[Info] Git repository found, initializing review manager and pr tree view.
[Info] Repository file:///home/aboka/Projects/e-commerce-app has been opened
[Info] Review> Validate state in progress
[Info] Review> Validating state...
[Info] Cannot updates repositories as git is uninitialized
[Info] PullRequestTree> Removing PR #undefined from tree
[Info] Git initialization state changed: state=initialized
[Info] Review> Queuing additional validate state
[Info] Review> Validating state...
[Info] No remotes found. The following remotes are missing: origin, upstream
[Info] No GitHub remotes found
[Info] PullRequestTree> Removing PR #undefined from tree
[Info] Review> Queuing additional validate state
[Info] Repo state for file:///home/aboka/Projects/e-commerce-app changed.
[Info] Repo file:///home/aboka/Projects/e-commerce-app has already been setup.
[Info] Review> Validating state...
[Info] Found GitHub remote
[Info] Review> current branch development is associated with pull request #6
[Info] Review> Resolving pull request
[Info] GithubRepository> Unable to fetch PR: Error: Not authenticated.
[Info] PullRequestTree> Removing PR #undefined from tree
[Info] Review> This PR is no longer valid
