[9804][1665203356065][main][info]["Booting Postman 10.0.1, linux-5.15.69-1-lts on x64"]
[9804][1665203356067][main][info]["EventBus~initialize - Success"]
[9804][1665203356069][main][info]["Proxy configuration has not been setup"]
[9804][1665203356070][main][info]["CloudProxyManager~init - Success"]
[9804][1665203356076][main][info]["UpdateHandler~init - Success"]
[9804][1665203356078][main][info]["LeaderSelection: Initialized successfully"]
[9804][1665203356079][main][info]["VersionDependencyService: Initialized successfully"]
[9804][1665203356085][main][info]["LinuxAutoUpdater~Cleanup - Initial cleanup successful"]
[9804][1665203356087][main][info]["Generated root certificate for linux"]
[9804][1665203356127][main][info]["GPU detected VID 4318 DID 8066 ACTIVE true"]
[9804][1665203356958][main][info]["RuntimeIPCAgent~started: Success"]
[9804][1665203383784][main][info]["UpdateHandler~app-update-events - Received event",{"name":"checkForElectronVersionUpdated","namespace":"appUpdate"}]
[9804][1665203383795][main][info]["windowManager: First requester booted successfully."]
[9804][1665203383795][main][info]["windowManager~restoreWindows: Restoring requester windows"]
[9804][1665203383795][main][info]["Main~AppEvents - Received booted event for process requester.Version undefined UI Version: undefined Desktop Platform Version: 10.0.1"]
[9804][1665203401986][main][info]["VersionDependencyService: Resetting UI version as user logged out/switched account"]
[9804][1665203401987][main][info]["Main - model-events~user - (users, add) received"]
[9804][1665203402227][main][warn]["AuthHandler~open: Current app is not default protocol client - Falling back to polling mechanism."]
[9804][1665203457007][main][info]["UpdateHandler~app-update-events - Received event",{"name":"checkForElectronVersionUpdated","namespace":"appUpdate"}]
[9804][1665203457015][main][info]["windowManager: First requester booted successfully."]
[9804][1665203457015][main][info]["windowManager~restoreWindows: Restoring requester windows"]
[9804][1665203457015][main][info]["Main~AppEvents - Received booted event for process requester.Version undefined UI Version: undefined Desktop Platform Version: 10.0.1"]
[9804][1665203457023][main][info]["WindowManager~closeHandler - Closed Window (id: 3 )"]
[9804][1665203457061][main][info]["Quitting app"]
[9804][1665203457061][main][info]["apiGitDebugLog - ProcessManager~killFileSystemProcess: Killed File System node process"]
[11447][1665203468377][main][info]["Booting Postman 10.0.1, linux-5.15.69-1-lts on x64"]
[11447][1665203468379][main][info]["EventBus~initialize - Success"]
[11447][1665203468381][main][info]["Proxy configuration has not been setup"]
[11447][1665203468381][main][info]["CloudProxyManager~init - Success"]
[11447][1665203468388][main][info]["UpdateHandler~init - Success"]
[11447][1665203468389][main][info]["LeaderSelection: Initialized successfully"]
[11447][1665203468390][main][info]["VersionDependencyService: Initialized successfully"]
[11447][1665203468542][main][info]["LinuxAutoUpdater~Cleanup - Initial cleanup successful"]
[11447][1665203468588][main][info]["GPU detected VID 4318 DID 8066 ACTIVE true"]
[11447][1665203469446][main][info]["RuntimeIPCAgent~started: Success"]
[11447][1665203470910][main][info]["UpdateHandler~app-update-events - Received event",{"name":"checkForElectronVersionUpdated","namespace":"appUpdate"}]
[11447][1665203470919][main][info]["windowManager: First requester booted successfully."]
[11447][1665203470919][main][info]["windowManager~restoreWindows: Restoring requester windows"]
[11447][1665203470919][main][info]["Main~AppEvents - Received booted event for process requester.Version undefined UI Version: undefined Desktop Platform Version: 10.0.1"]
[11447][1665203477602][main][info]["VersionDependencyService: Resetting UI version as user logged out/switched account"]
[11447][1665203477603][main][info]["Main - model-events~user - (users, add) received"]
[11447][1665203477848][main][warn]["AuthHandler~open: Current app is not default protocol client - Falling back to polling mechanism."]
[11447][1665203493650][main][info]["UpdateHandler~app-update-events - Received event",{"name":"checkForElectronVersionUpdated","namespace":"appUpdate"}]
[11447][1665203493662][main][info]["windowManager: First requester booted successfully."]
[11447][1665203493662][main][info]["windowManager~restoreWindows: Restoring requester windows"]
[11447][1665203493662][main][info]["Main~AppEvents - Received booted event for process requester.Version 10.0.20 UI Version: 10.0.20-ui-221007-0553 Desktop Platform Version: 10.0.1"]
[11447][1665203493667][main][info]["performBackgroundShellMigration: Starting shell data migration"]
[11447][1665203493668][main][info]["performBackgroundShellMigration: Got data from shell. Writing to storage"]
[11447][1665203493731][main][info]["Main - model-events~user - (authentication, get_auth_info) received"]
[11447][1665203493732][main][info]["Main - model-events~user - (authentication, authenticated) received"]
[11447][1665203493772][main][info]["performBackgroundShellMigration: Successfully completed migration"]
[11447][1665203494100][main][info]["Main - model-events~user - (user, update) received"]
[11447][1665203511671][main][info]["WindowManager~closeHandler - Closed Window (id: 3 )"]
[11447][1665203511692][main][info]["Quitting app"]
[11447][1665203511692][main][info]["apiGitDebugLog - ProcessManager~killFileSystemProcess: Killed File System node process"]
[12859][1665203565751][main][info]["Booting Postman 9.31.0, linux-5.15.69-1-lts on x64"]
[12859][1665203565753][main][info]["EventBus~initialize - Success"]
[12859][1665203565754][main][info]["Proxy configuration has not been setup"]
[12859][1665203565755][main][info]["CloudProxyManager~init - Success"]
[12859][1665203565762][main][info]["UpdateHandler~init - Success"]
[12859][1665203565763][main][info]["LeaderSelection: Initialized successfully"]
[12859][1665203565764][main][info]["VersionDependencyService: Initialized successfully"]
[12859][1665203565787][main][info]["LinuxAutoUpdater~Cleanup - Initial cleanup successful"]
[12859][1665203565809][main][info]["GPU detected VID 4318 DID 8066 ACTIVE true"]
[12859][1665203567696][main][info]["RuntimeIPCAgent~started: Success"]
[12859][1665203576856][main][info]["UpdateHandler~app-update-events - Received event",{"name":"checkForElectronVersionUpdated","namespace":"appUpdate"}]
[12859][1665203576858][main][info]["@postman/app-updater: version Updated","10.0.1","9.31.0"]
[12859][1665203576858][main][info]["UpdateHandler~app-update-events - Received event",{"name":"electronVersionUpdated","namespace":"appUpdate","data":{"lastKnownVersion":"10.0.1","currentVersion":"9.31.0"}}]
[12859][1665203576869][main][info]["windowManager: First requester booted successfully."]
[12859][1665203576870][main][info]["windowManager~restoreWindows: Restoring requester windows"]
[12859][1665203576870][main][info]["Main~AppEvents - Received booted event for process requester.Version 9.31.18 UI Version: 9.31.18-ui-221006-1522 Desktop Platform Version: 9.31.0"]
[12859][1665203576874][main][info]["performBackgroundShellMigration: Migration has already been done. Bailing out"]
[12859][1665203578153][main][info]["Main - model-events~user - (user, bootstrapUser) received"]
[12859][1665203583946][main][info]["WindowManager~closeHandler - Closed Window (id: 1 )"]
[12859][1665203583958][main][info]["Quitting app"]
[13295][1665203653670][main][info]["Booting Postman 9.31.0, linux-5.15.69-1-lts on x64"]
[13295][1665203653672][main][info]["EventBus~initialize - Success"]
[13295][1665203653675][main][info]["Proxy configuration has not been setup"]
[13295][1665203653675][main][info]["CloudProxyManager~init - Success"]
[13295][1665203653682][main][info]["UpdateHandler~init - Success"]
[13295][1665203653684][main][info]["LeaderSelection: Initialized successfully"]
[13295][1665203653684][main][info]["VersionDependencyService: Initialized successfully"]
[13295][1665203653691][main][info]["LinuxAutoUpdater~Cleanup - Initial cleanup successful"]
[13295][1665203653702][main][info]["GPU detected VID 4318 DID 8066 ACTIVE true"]
[13295][1665203654334][main][info]["RuntimeIPCAgent~started: Success"]
[13295][1665203655875][main][info]["UpdateHandler~app-update-events - Received event",{"name":"checkForElectronVersionUpdated","namespace":"appUpdate"}]
[13295][1665203655888][main][info]["windowManager: First requester booted successfully."]
[13295][1665203655888][main][info]["windowManager~restoreWindows: Restoring requester windows"]
[13295][1665203655888][main][info]["Main~AppEvents - Received booted event for process requester.Version 9.31.18 UI Version: 9.31.18-ui-221006-1522 Desktop Platform Version: 9.31.0"]
[13295][1665203655899][main][info]["performBackgroundShellMigration: Migration has already been done. Bailing out"]
[13295][1665203656754][main][info]["Main - model-events~user - (user, bootstrapUser) received"]
[23272][1666786055137][main][info]["Booting Postman 9.31.0, linux-5.15.69-1-lts on x64"]
[23272][1666786055140][main][info]["EventBus~initialize - Success"]
[23272][1666786055172][main][info]["Proxy configuration has not been setup"]
[23272][1666786055172][main][info]["CloudProxyManager~init - Success"]
[23272][1666786055178][main][info]["UpdateHandler~init - Success"]
[23272][1666786055180][main][info]["LeaderSelection: Initialized successfully"]
[23272][1666786055181][main][info]["VersionDependencyService: Initialized successfully"]
[23272][1666786055234][main][info]["LinuxAutoUpdater~Cleanup - Initial cleanup successful"]
[23272][1666786055238][main][info]["GPU detected VID 4318 DID 8066 ACTIVE true"]
[23272][1666786062944][main][info]["RuntimeIPCAgent~started: Success"]
[23272][1666786066607][main][info]["UpdateHandler~app-update-events - Received event",{"name":"checkForElectronVersionUpdated","namespace":"appUpdate"}]
[23272][1666786066620][main][info]["windowManager: First requester booted successfully."]
[23272][1666786066620][main][info]["windowManager~restoreWindows: Restoring requester windows"]
[23272][1666786066621][main][info]["Main~AppEvents - Received booted event for process requester.Version 9.31.18 UI Version: 9.31.18-ui-221006-1522 Desktop Platform Version: 9.31.0"]
[23272][1666786066625][main][info]["performBackgroundShellMigration: Migration has already been done. Bailing out"]
[23272][1666786067714][main][info]["Main - model-events~user - (user, bootstrapUser) received"]
[23272][1666794031964][main][info]["WindowManager~closeHandler - Closed Window (id: 1 )"]
[23272][1666794031997][main][info]["Quitting app"]
