[9804][1665203356654][shell][info]["EventBus~initialize - Success"]
[9804][1665203356659][shell][info]["bootShellCrashReporter~ Success"]
[9804][1665203356960][shell][info]["shellController~init: Success"]
[9804][1665203356961][shell][info]["shellMeta~init: Success"]
[9804][1665203356961][shell][info]["partitionMigrationService: State of V7 partition:"]
[9804][1665203356962][shell][info]["partitionMigrationService: V7 partitions",[]]
[9804][1665203356962][shell][info]["partitionMigrationService: V7 lastActiveUser",null]
[9804][1665203356962][shell][info]["partitionMigrationService: V7 activePartition",null]
[9804][1665203356962][shell][info]["partitionMigrationService: V7 isPartitionDirty",null]
[9804][1665203356963][shell][info]["partitionMigrationService~rectifyNamespaceOfScratchPadPartition: There is no partition with scratchpad namespace"]
[9804][1665203356963][shell][info]["partitionMigrationService~rectifyNamespaceOfScratchPadPartition: There is no transit partition which could have been used for scratchpad"]
[9804][1665203356963][shell][info]["partitionMigrationService~init: Success"]
[9804][1665203356964][shell][info]["partitionMigrationService~runV8PartitionsIntegrity: Two way migration~ removing the following partitions from v8",[]]
[9804][1665203356964][shell][info]["userPartitionService~_rectifyTheActivePartitionOfApplication: Setting the active partition to ",null]
[9804][1665203356965][shell][info]["userPartitionService~init: Success"]
[9804][1665203356965][shell][info]["userPartitionService: State of v8 partition system:"]
[9804][1665203356965][shell][info]["userPartitionService: List of partitions:",[]]
[9804][1665203356965][shell][info]["userPartitionService: users global meta:",{"activePartition":null}]
[9804][1665203356966][shell][info]["shell~init~getPartitionToLoad: loading scratchpad partition"]
[9804][1665203356969][shell][info]["init~setViewAttributes - Initializing view with opts:"]
[9804][1665203356970][shell][info]["verifyPartitionIdWithMain: Verifying partition ID from main process"]
[9804][1665203356970][shell][info]["Shell~init~setViewAttributes: passing scratchpad partition id as ","f93b1448-988d-41e2-8400-009053626848"]
[9804][1665203356970][shell][info]["Shell~init~setViewAttributes: do we have any logged in users? ",false]
[9804][1665203356971][shell][info]["init~setViewAttributes - Success"]
[9804][1665203356978][shell][info]["verifyPartitionIdWithMain: Bailing out as migration has not been done"]
[9804][1665203383795][shell][info]["Shell~init~sendUsersDataToRenderer",[]]
[9804][1665203455611][shell][info]["EventBus~initialize - Success"]
[9804][1665203455617][shell][info]["bootShellCrashReporter~ Success"]
[9804][1665203455626][shell][info]["shellController~init: Success"]
[9804][1665203455626][shell][info]["shellMeta~init: Success"]
[9804][1665203455626][shell][info]["partitionMigrationService: State of V7 partition:"]
[9804][1665203455627][shell][info]["partitionMigrationService: V7 partitions",[]]
[9804][1665203455627][shell][info]["partitionMigrationService: V7 lastActiveUser",null]
[9804][1665203455627][shell][info]["partitionMigrationService: V7 activePartition",null]
[9804][1665203455627][shell][info]["partitionMigrationService: V7 isPartitionDirty",null]
[9804][1665203455627][shell][info]["partitionMigrationService~init: Success"]
[9804][1665203455628][shell][info]["partitionMigrationService~runV8PartitionsIntegrity: Two way migration~ removing the following partitions from v8",[]]
[9804][1665203455628][shell][info]["userPartitionService~_rectifyTheActivePartitionOfApplication: Setting the active partition to ",null]
[9804][1665203455628][shell][info]["userPartitionService~init: Success"]
[9804][1665203455629][shell][info]["userPartitionService: State of v8 partition system:"]
[9804][1665203455629][shell][info]["userPartitionService: List of partitions:",[{"partitionId":"f93b1448-988d-41e2-8400-009053626848","namespace":"scratchPad","userId":0,"teamId":0,"isDirty":false}]]
[9804][1665203455629][shell][info]["userPartitionService: users global meta:",{"activePartition":null}]
[9804][1665203455629][shell][info]["shell~init~getPartitionToLoad: loading scratchpad partition"]
[9804][1665203455630][shell][info]["init~setViewAttributes - Initializing view with opts:"]
[9804][1665203455631][shell][info]["verifyPartitionIdWithMain: Verifying partition ID from main process"]
[9804][1665203455631][shell][info]["Shell~init~setViewAttributes: passing scratchpad partition id as ","f93b1448-988d-41e2-8400-009053626848"]
[9804][1665203455631][shell][info]["Shell~init~setViewAttributes: do we have any logged in users? ",false]
[9804][1665203455632][shell][info]["init~setViewAttributes - Success"]
[9804][1665203455632][shell][info]["verifyPartitionIdWithMain: Bailing out as migration has not been done"]
[9804][1665203457015][shell][info]["Shell~init~sendUsersDataToRenderer",[]]
[11447][1665203469131][shell][info]["EventBus~initialize - Success"]
[11447][1665203469137][shell][info]["bootShellCrashReporter~ Success"]
[11447][1665203469448][shell][info]["shellController~init: Success"]
[11447][1665203469449][shell][info]["shellMeta~init: Success"]
[11447][1665203469449][shell][info]["partitionMigrationService: State of V7 partition:"]
[11447][1665203469449][shell][info]["partitionMigrationService: V7 partitions",[]]
[11447][1665203469449][shell][info]["partitionMigrationService: V7 lastActiveUser",null]
[11447][1665203469450][shell][info]["partitionMigrationService: V7 activePartition",null]
[11447][1665203469450][shell][info]["partitionMigrationService: V7 isPartitionDirty",null]
[11447][1665203469450][shell][info]["partitionMigrationService~init: Success"]
[11447][1665203469450][shell][info]["partitionMigrationService~runV8PartitionsIntegrity: Two way migration~ removing the following partitions from v8",[]]
[11447][1665203469451][shell][info]["userPartitionService~_rectifyTheActivePartitionOfApplication: Setting the active partition to ",null]
[11447][1665203469451][shell][info]["userPartitionService~init: Success"]
[11447][1665203469451][shell][info]["userPartitionService: State of v8 partition system:"]
[11447][1665203469452][shell][info]["userPartitionService: List of partitions:",[{"partitionId":"f93b1448-988d-41e2-8400-009053626848","namespace":"scratchPad","userId":0,"teamId":0,"isDirty":false}]]
[11447][1665203469452][shell][info]["userPartitionService: users global meta:",{"activePartition":null}]
[11447][1665203469452][shell][info]["shell~init~getPartitionToLoad: loading scratchpad partition"]
[11447][1665203469453][shell][info]["init~setViewAttributes - Initializing view with opts:"]
[11447][1665203469454][shell][info]["verifyPartitionIdWithMain: Verifying partition ID from main process"]
[11447][1665203469454][shell][info]["Shell~init~setViewAttributes: passing scratchpad partition id as ","f93b1448-988d-41e2-8400-009053626848"]
[11447][1665203469454][shell][info]["Shell~init~setViewAttributes: do we have any logged in users? ",false]
[11447][1665203469455][shell][info]["init~setViewAttributes - Success"]
[11447][1665203469468][shell][info]["verifyPartitionIdWithMain: Bailing out as migration has not been done"]
[11447][1665203470919][shell][info]["Shell~init~sendUsersDataToRenderer",[]]
[11447][1665203484776][shell][info]["EventBus~initialize - Success"]
[11447][1665203484781][shell][info]["bootShellCrashReporter~ Success"]
[11447][1665203484790][shell][info]["shellController~init: Success"]
[11447][1665203484790][shell][info]["shellMeta~init: Success"]
[11447][1665203484791][shell][info]["partitionMigrationService: State of V7 partition:"]
[11447][1665203484791][shell][info]["partitionMigrationService: V7 partitions",[]]
[11447][1665203484791][shell][info]["partitionMigrationService: V7 lastActiveUser",null]
[11447][1665203484791][shell][info]["partitionMigrationService: V7 activePartition",null]
[11447][1665203484791][shell][info]["partitionMigrationService: V7 isPartitionDirty",null]
[11447][1665203484792][shell][info]["partitionMigrationService~init: Success"]
[11447][1665203484792][shell][info]["partitionMigrationService~runV8PartitionsIntegrity: Two way migration~ removing the following partitions from v8",[]]
[11447][1665203484792][shell][info]["userPartitionService~_rectifyTheActivePartitionOfApplication: Setting the active partition to ",null]
[11447][1665203484793][shell][info]["userPartitionService~init: Success"]
[11447][1665203484793][shell][info]["Shell~init~loginUser: associating the user ","22490471"," with transit partition"]
[11447][1665203484794][shell][info]["userPartitionService~associateTransitPartition: ",{"partitionId":"f6848180-367d-43a6-aefa-39e203611879","context":{"namespace":"users","userId":"22490471","teamId":"0"}}]
[11447][1665203484795][shell][info]["userPartitionService: State of v8 partition system:"]
[11447][1665203484795][shell][info]["userPartitionService: List of partitions:",[{"partitionId":"f6848180-367d-43a6-aefa-39e203611879","namespace":"users","userId":"22490471","teamId":"0","lastUpdated":"2022-10-08T04:31:24.794Z"},{"partitionId":"f93b1448-988d-41e2-8400-009053626848","namespace":"scratchPad","userId":0,"teamId":0,"isDirty":false}]]
[11447][1665203484796][shell][info]["userPartitionService: users global meta:",{"activePartition":null}]
[11447][1665203484797][shell][info]["init~setViewAttributes - Initializing view with opts:"]
[11447][1665203484797][shell][info]["verifyPartitionIdWithMain: Verifying partition ID from main process"]
[11447][1665203484800][shell][info]["Shell~init~setViewAttributes: passing scratchpad partition id as ","f93b1448-988d-41e2-8400-009053626848"]
[11447][1665203484800][shell][info]["Shell~init~setViewAttributes: do we have any logged in users? ",true]
[11447][1665203484801][shell][info]["init~setViewAttributes - Success"]
[11447][1665203484801][shell][info]["verifyPartitionIdWithMain: Bailing out as migration has not been done"]
[11447][1665203493662][shell][info]["Shell~init~sendUsersDataToRenderer",["22490471"]]
[11447][1665203493667][shell][info]["handleMessageInShell: Got request for shell data from main. Sending"]
[11447][1665203494163][shell][info]["EventBus~initialize - Success"]
[11447][1665203494165][shell][info]["bootShellCrashReporter~ Success"]
[11447][1665203494172][shell][info]["shellController~init: Success"]
[11447][1665203494172][shell][info]["shellMeta~init: Success"]
[11447][1665203494172][shell][info]["partitionMigrationService: State of V7 partition:"]
[11447][1665203494172][shell][info]["partitionMigrationService: V7 partitions",[]]
[11447][1665203494173][shell][info]["partitionMigrationService: V7 lastActiveUser",null]
[11447][1665203494173][shell][info]["partitionMigrationService: V7 activePartition",null]
[11447][1665203494173][shell][info]["partitionMigrationService: V7 isPartitionDirty",null]
[11447][1665203494173][shell][info]["partitionMigrationService~init: Success"]
[11447][1665203494173][shell][info]["partitionMigrationService~runV8PartitionsIntegrity: Two way migration~ removing the following partitions from v8",[]]
[11447][1665203494173][shell][info]["userPartitionService~getRecentV8UserPartition: recent v8 user context partition ","f6848180-367d-43a6-aefa-39e203611879"]
[11447][1665203494173][shell][info]["userPartitionService~_rectifyTheActivePartitionOfApplication: Setting the active partition to ","f6848180-367d-43a6-aefa-39e203611879"]
[11447][1665203494174][shell][info]["userPartitionService~init: Success"]
[11447][1665203494174][shell][info]["Shell~init~loginUser: Updating existing user details"]
[11447][1665203494174][shell][info]["userPartitionService~associateTransitPartition: ",{"partitionId":"f6848180-367d-43a6-aefa-39e203611879","context":{"namespace":"users","userId":"22490471","teamId":"0"}}]
[11447][1665203494174][shell][info]["userPartitionService: State of v8 partition system:"]
[11447][1665203494175][shell][info]["userPartitionService: List of partitions:",[{"partitionId":"f6848180-367d-43a6-aefa-39e203611879","namespace":"users","userId":"22490471","teamId":"0","lastUpdated":"2022-10-08T04:31:34.174Z"},{"partitionId":"f93b1448-988d-41e2-8400-009053626848","namespace":"scratchPad","userId":0,"teamId":0,"isDirty":false}]]
[11447][1665203494175][shell][info]["userPartitionService: users global meta:",{"activePartition":"f6848180-367d-43a6-aefa-39e203611879"}]
[11447][1665203494175][shell][info]["init~setViewAttributes - Initializing view with opts:"]
[11447][1665203494177][shell][info]["verifyPartitionIdWithMain: Verifying partition ID from main process"]
[11447][1665203494180][shell][info]["Shell~init~setViewAttributes: passing scratchpad partition id as ","f93b1448-988d-41e2-8400-009053626848"]
[11447][1665203494180][shell][info]["Shell~init~setViewAttributes: do we have any logged in users? ",true]
[11447][1665203494181][shell][info]["init~setViewAttributes - Success"]
[11447][1665203494199][shell][info]["verifyPartitionIdWithMain: ID was resolved correctly by main"]
[12859][1665203567377][shell][info]["EventBus~initialize - Success"]
[12859][1665203567383][shell][info]["bootShellCrashReporter~ Success"]
[12859][1665203567698][shell][info]["shellController~init: Success"]
[12859][1665203567698][shell][info]["shellMeta~init: Success"]
[12859][1665203567698][shell][info]["partitionMigrationService: State of V7 partition:"]
[12859][1665203567699][shell][info]["partitionMigrationService: V7 partitions",[]]
[12859][1665203567699][shell][info]["partitionMigrationService: V7 lastActiveUser",null]
[12859][1665203567699][shell][info]["partitionMigrationService: V7 activePartition",null]
[12859][1665203567699][shell][info]["partitionMigrationService: V7 isPartitionDirty",null]
[12859][1665203567700][shell][info]["partitionMigrationService~init: Success"]
[12859][1665203567700][shell][info]["partitionMigrationService~runV8PartitionsIntegrity: Two way migration~ removing the following partitions from v8",[]]
[12859][1665203567700][shell][info]["userPartitionService~getRecentV8UserPartition: recent v8 user context partition ","f6848180-367d-43a6-aefa-39e203611879"]
[12859][1665203567701][shell][info]["userPartitionService~_rectifyTheActivePartitionOfApplication: Setting the active partition to ","f6848180-367d-43a6-aefa-39e203611879"]
[12859][1665203567701][shell][info]["userPartitionService~init: Success"]
[12859][1665203567701][shell][info]["userPartitionService: State of v8 partition system:"]
[12859][1665203567701][shell][info]["userPartitionService: List of partitions:",[{"partitionId":"f6848180-367d-43a6-aefa-39e203611879","namespace":"users","userId":"22490471","teamId":"0","lastUpdated":"2022-10-08T04:31:34.174Z"},{"partitionId":"f93b1448-988d-41e2-8400-009053626848","namespace":"scratchPad","userId":0,"teamId":0,"isDirty":false}]]
[12859][1665203567702][shell][info]["userPartitionService: users global meta:",{"activePartition":"f6848180-367d-43a6-aefa-39e203611879"}]
[12859][1665203567702][shell][info]["shell~init~getPartitionToLoad: loading active partition"]
[12859][1665203567703][shell][info]["init~setViewAttributes - Initializing view with opts:"]
[12859][1665203567704][shell][info]["verifyPartitionIdWithMain: Verifying partition ID from main process"]
[12859][1665203567709][shell][info]["Shell~init~setViewAttributes: passing scratchpad partition id as ","f93b1448-988d-41e2-8400-009053626848"]
[12859][1665203567709][shell][info]["Shell~init~setViewAttributes: do we have any logged in users? ",true]
[12859][1665203567710][shell][info]["init~setViewAttributes - Success"]
[12859][1665203567856][shell][info]["verifyPartitionIdWithMain: ID was resolved correctly by main"]
[12859][1665203572136][shell][info]["EventBus~initialize - Success"]
[12859][1665203572137][shell][info]["bootShellCrashReporter~ Success"]
[12859][1665203572145][shell][info]["shellController~init: Success"]
[12859][1665203572146][shell][info]["shellMeta~init: Success"]
[12859][1665203572146][shell][info]["partitionMigrationService: State of V7 partition:"]
[12859][1665203572146][shell][info]["partitionMigrationService: V7 partitions",[]]
[12859][1665203572146][shell][info]["partitionMigrationService: V7 lastActiveUser",null]
[12859][1665203572146][shell][info]["partitionMigrationService: V7 activePartition",null]
[12859][1665203572146][shell][info]["partitionMigrationService: V7 isPartitionDirty",null]
[12859][1665203572147][shell][info]["partitionMigrationService~init: Success"]
[12859][1665203572147][shell][info]["partitionMigrationService~runV8PartitionsIntegrity: Two way migration~ removing the following partitions from v8",[]]
[12859][1665203572147][shell][info]["userPartitionService~getRecentV8UserPartition: recent v8 user context partition ","f6848180-367d-43a6-aefa-39e203611879"]
[12859][1665203572147][shell][info]["userPartitionService~_rectifyTheActivePartitionOfApplication: Setting the active partition to ","f6848180-367d-43a6-aefa-39e203611879"]
[12859][1665203572148][shell][info]["userPartitionService~init: Success"]
[12859][1665203572148][shell][info]["userPartitionService: State of v8 partition system:"]
[12859][1665203572148][shell][info]["userPartitionService: List of partitions:",[{"partitionId":"f6848180-367d-43a6-aefa-39e203611879","namespace":"users","userId":"22490471","teamId":"0","lastUpdated":"2022-10-08T04:31:34.174Z"},{"partitionId":"f93b1448-988d-41e2-8400-009053626848","namespace":"scratchPad","userId":0,"teamId":0,"isDirty":false}]]
[12859][1665203572148][shell][info]["userPartitionService: users global meta:",{"activePartition":"f6848180-367d-43a6-aefa-39e203611879"}]
[12859][1665203572149][shell][info]["shell~init~getPartitionToLoad: loading active partition"]
[12859][1665203572150][shell][info]["init~setViewAttributes - Initializing view with opts:"]
[12859][1665203572151][shell][info]["verifyPartitionIdWithMain: Verifying partition ID from main process"]
[12859][1665203572152][shell][info]["Shell~init~setViewAttributes: passing scratchpad partition id as ","f93b1448-988d-41e2-8400-009053626848"]
[12859][1665203572153][shell][info]["Shell~init~setViewAttributes: do we have any logged in users? ",true]
[12859][1665203572153][shell][info]["init~setViewAttributes - Success"]
[12859][1665203572162][shell][info]["verifyPartitionIdWithMain: ID was resolved correctly by main"]
[12859][1665203576870][shell][info]["Shell~init~sendUsersDataToRenderer",["22490471"]]
[12859][1665203578154][shell][info]["model-events~user - bootstrapUser received"]
[12859][1665203578155][shell][info]["userPartitionService~associateTransitPartition: ",{"partitionId":"f6848180-367d-43a6-aefa-39e203611879","context":{"namespace":"users","userId":"22490471","teamId":"0"}}]
[12859][1665203578155][shell][info]["userPartitionService: State of v8 partition system:"]
[12859][1665203578155][shell][info]["userPartitionService: List of partitions:",[{"partitionId":"f6848180-367d-43a6-aefa-39e203611879","namespace":"users","userId":"22490471","teamId":"0","lastUpdated":"2022-10-08T04:32:58.155Z"},{"partitionId":"f93b1448-988d-41e2-8400-009053626848","namespace":"scratchPad","userId":0,"teamId":0,"isDirty":false}]]
[12859][1665203578156][shell][info]["userPartitionService: users global meta:",{"activePartition":"f6848180-367d-43a6-aefa-39e203611879"}]
[13295][1665203654020][shell][info]["EventBus~initialize - Success"]
[13295][1665203654026][shell][info]["bootShellCrashReporter~ Success"]
[13295][1665203654336][shell][info]["shellController~init: Success"]
[13295][1665203654336][shell][info]["shellMeta~init: Success"]
[13295][1665203654337][shell][info]["partitionMigrationService: State of V7 partition:"]
[13295][1665203654337][shell][info]["partitionMigrationService: V7 partitions",[]]
[13295][1665203654337][shell][info]["partitionMigrationService: V7 lastActiveUser",null]
[13295][1665203654338][shell][info]["partitionMigrationService: V7 activePartition",null]
[13295][1665203654338][shell][info]["partitionMigrationService: V7 isPartitionDirty",null]
[13295][1665203654338][shell][info]["partitionMigrationService~init: Success"]
[13295][1665203654339][shell][info]["partitionMigrationService~runV8PartitionsIntegrity: Two way migration~ removing the following partitions from v8",[]]
[13295][1665203654339][shell][info]["userPartitionService~getRecentV8UserPartition: recent v8 user context partition ","f6848180-367d-43a6-aefa-39e203611879"]
[13295][1665203654339][shell][info]["userPartitionService~_rectifyTheActivePartitionOfApplication: Setting the active partition to ","f6848180-367d-43a6-aefa-39e203611879"]
[13295][1665203654340][shell][info]["userPartitionService~init: Success"]
[13295][1665203654340][shell][info]["userPartitionService: State of v8 partition system:"]
[13295][1665203654340][shell][info]["userPartitionService: List of partitions:",[{"partitionId":"f6848180-367d-43a6-aefa-39e203611879","namespace":"users","userId":"22490471","teamId":"0","lastUpdated":"2022-10-08T04:32:58.155Z"},{"partitionId":"f93b1448-988d-41e2-8400-009053626848","namespace":"scratchPad","userId":0,"teamId":0,"isDirty":false}]]
[13295][1665203654340][shell][info]["userPartitionService: users global meta:",{"activePartition":"f6848180-367d-43a6-aefa-39e203611879"}]
[13295][1665203654341][shell][info]["shell~init~getPartitionToLoad: loading active partition"]
[13295][1665203654342][shell][info]["init~setViewAttributes - Initializing view with opts:"]
[13295][1665203654342][shell][info]["verifyPartitionIdWithMain: Verifying partition ID from main process"]
[13295][1665203654349][shell][info]["Shell~init~setViewAttributes: passing scratchpad partition id as ","f93b1448-988d-41e2-8400-009053626848"]
[13295][1665203654349][shell][info]["Shell~init~setViewAttributes: do we have any logged in users? ",true]
[13295][1665203654350][shell][info]["init~setViewAttributes - Success"]
[13295][1665203654463][shell][info]["verifyPartitionIdWithMain: ID was resolved correctly by main"]
[13295][1665203655888][shell][info]["Shell~init~sendUsersDataToRenderer",["22490471"]]
[13295][1665203656756][shell][info]["model-events~user - bootstrapUser received"]
[13295][1665203656758][shell][info]["userPartitionService~associateTransitPartition: ",{"partitionId":"f6848180-367d-43a6-aefa-39e203611879","context":{"namespace":"users","userId":"22490471","teamId":"0"}}]
[13295][1665203656760][shell][info]["userPartitionService: State of v8 partition system:"]
[13295][1665203656760][shell][info]["userPartitionService: List of partitions:",[{"partitionId":"f6848180-367d-43a6-aefa-39e203611879","namespace":"users","userId":"22490471","teamId":"0","lastUpdated":"2022-10-08T04:34:16.758Z"},{"partitionId":"f93b1448-988d-41e2-8400-009053626848","namespace":"scratchPad","userId":0,"teamId":0,"isDirty":false}]]
[13295][1665203656761][shell][info]["userPartitionService: users global meta:",{"activePartition":"f6848180-367d-43a6-aefa-39e203611879"}]
[23272][1666786058218][shell][info]["EventBus~initialize - Success"]
[23272][1666786058243][shell][info]["bootShellCrashReporter~ Success"]
[23272][1666786062947][shell][info]["shellController~init: Success"]
[23272][1666786062947][shell][info]["shellMeta~init: Success"]
[23272][1666786062948][shell][info]["partitionMigrationService: State of V7 partition:"]
[23272][1666786062948][shell][info]["partitionMigrationService: V7 partitions",[]]
[23272][1666786062948][shell][info]["partitionMigrationService: V7 lastActiveUser",null]
[23272][1666786062949][shell][info]["partitionMigrationService: V7 activePartition",null]
[23272][1666786062949][shell][info]["partitionMigrationService: V7 isPartitionDirty",null]
[23272][1666786062950][shell][info]["partitionMigrationService~init: Success"]
[23272][1666786062950][shell][info]["partitionMigrationService~runV8PartitionsIntegrity: Two way migration~ removing the following partitions from v8",[]]
[23272][1666786062950][shell][info]["userPartitionService~getRecentV8UserPartition: recent v8 user context partition ","f6848180-367d-43a6-aefa-39e203611879"]
[23272][1666786062951][shell][info]["userPartitionService~_rectifyTheActivePartitionOfApplication: Setting the active partition to ","f6848180-367d-43a6-aefa-39e203611879"]
[23272][1666786062951][shell][info]["userPartitionService~init: Success"]
[23272][1666786062951][shell][info]["userPartitionService: State of v8 partition system:"]
[23272][1666786062951][shell][info]["userPartitionService: List of partitions:",[{"partitionId":"f6848180-367d-43a6-aefa-39e203611879","namespace":"users","userId":"22490471","teamId":"0","lastUpdated":"2022-10-08T04:34:16.758Z"},{"partitionId":"f93b1448-988d-41e2-8400-009053626848","namespace":"scratchPad","userId":0,"teamId":0,"isDirty":false}]]
[23272][1666786062952][shell][info]["userPartitionService: users global meta:",{"activePartition":"f6848180-367d-43a6-aefa-39e203611879"}]
[23272][1666786062952][shell][info]["shell~init~getPartitionToLoad: loading active partition"]
[23272][1666786062953][shell][info]["init~setViewAttributes - Initializing view with opts:"]
[23272][1666786062954][shell][info]["verifyPartitionIdWithMain: Verifying partition ID from main process"]
[23272][1666786063078][shell][info]["Shell~init~setViewAttributes: passing scratchpad partition id as ","f93b1448-988d-41e2-8400-009053626848"]
[23272][1666786063078][shell][info]["Shell~init~setViewAttributes: do we have any logged in users? ",true]
[23272][1666786063080][shell][info]["init~setViewAttributes - Success"]
[23272][1666786063342][shell][info]["verifyPartitionIdWithMain: ID was resolved correctly by main"]
[23272][1666786066620][shell][info]["Shell~init~sendUsersDataToRenderer",["22490471"]]
[23272][1666786067715][shell][info]["model-events~user - bootstrapUser received"]
[23272][1666786067715][shell][info]["userPartitionService~associateTransitPartition: ",{"partitionId":"f6848180-367d-43a6-aefa-39e203611879","context":{"namespace":"users","userId":"22490471","teamId":"0"}}]
[23272][1666786067716][shell][info]["userPartitionService: State of v8 partition system:"]
[23272][1666786067716][shell][info]["userPartitionService: List of partitions:",[{"partitionId":"f6848180-367d-43a6-aefa-39e203611879","namespace":"users","userId":"22490471","teamId":"0","lastUpdated":"2022-10-26T12:07:47.715Z"},{"partitionId":"f93b1448-988d-41e2-8400-009053626848","namespace":"scratchPad","userId":0,"teamId":0,"isDirty":false}]]
[23272][1666786067716][shell][info]["userPartitionService: users global meta:",{"activePartition":"f6848180-367d-43a6-aefa-39e203611879"}]
