2022-12-05 20:19:34.682 [info] Added views:workbench.panel.markers.view in workbench.panel.markers
2022-12-05 20:19:34.682 [info] Added views:workbench.panel.output in workbench.panel.output
2022-12-05 20:19:34.682 [info] Added views:terminal in terminal
2022-12-05 20:19:34.682 [info] Added views:outline in workbench.view.explorer
2022-12-05 20:19:34.682 [info] Added views:workbench.scm in workbench.view.scm
2022-12-05 20:19:34.682 [info] Added views:workbench.view.search in workbench.view.search
2022-12-05 20:19:34.682 [info] Added views:timeline in workbench.view.explorer
2022-12-05 20:19:34.682 [info] Added views:workbench.explorer.fileView in workbench.view.explorer
2022-12-05 20:19:34.682 [info] Added views:workbench.debug.variablesView,workbench.debug.watchExpressionsView,workbench.debug.callStackView,workbench.debug.breakPointsView in workbench.view.debug
2022-12-05 20:19:35.427 [info] Added views:gitlens.views.home in workbench.view.extension.gitlens
2022-12-05 20:19:35.427 [info] Added views:gitlens.views.timeline in workbench.view.extension.gitlensPanel
2022-12-05 20:19:35.427 [info] Added views:gitlens.views.commits,gitlens.views.commitDetails,gitlens.views.fileHistory,gitlens.views.branches,gitlens.views.remotes,gitlens.views.stashes,gitlens.views.tags,gitlens.views.worktrees,gitlens.views.searchAndCompare in workbench.view.scm
2022-12-05 20:19:35.427 [info] Added views:pr:github,issues:github in workbench.view.extension.github-pull-requests
2022-12-05 20:19:35.427 [info] Added views:dockerContainers,dockerImages,dockerRegistries,dockerNetworks,dockerVolumes,vscode-docker.views.dockerContexts,vscode-docker.views.help in workbench.view.extension.dockerView
2022-12-05 20:19:35.427 [info] Added views:jupyterViewVariables in workbench.view.extension.jupyter-variables
2022-12-05 20:19:35.427 [info] Added views:targetsContainers,devVolumes in workbench.view.remote
2022-12-05 20:19:35.985 [info] Added views:workbench.panel.repl.view in workbench.panel.repl
2022-12-05 20:19:35.990 [info] Removed views:workbench.debug.breakPointsView,workbench.debug.callStackView,workbench.debug.watchExpressionsView,workbench.debug.variablesView from workbench.view.debug
2022-12-05 20:19:35.991 [info] Added views:workbench.debug.welcome in workbench.view.debug
2022-12-05 20:19:36.378 [info] Added views:workbench.panel.comments in workbench.panel.comments
2022-12-05 20:19:38.591 [info] Added views:tabnine-home in workbench.view.extension.tabnine-access
2022-12-05 20:19:38.592 [info] Added views:tabnine-notifications in workbench.view.extension.tabnine-access
2022-12-05 20:19:38.593 [info] Added views:tabnine-today in workbench.view.extension.tabnine-access
2022-12-05 20:19:39.130 [info] Added views:vscode-rapidapi-client.panel in workbench.view.extension.rapidapi-explorer
2022-12-05 20:19:40.087 [info] Added views:github:activePullRequest:welcome in workbench.view.extension.github-pull-request
2022-12-05 20:19:40.088 [info] Removed views:github:activePullRequest:welcome from workbench.view.extension.github-pull-request
2022-12-05 20:19:40.281 [info] Removed views:issues:github,pr:github from workbench.view.extension.github-pull-requests
2022-12-05 20:19:40.281 [info] Added views:github:login in workbench.view.extension.github-pull-requests
