[Info  - 15:56:24.180] Reading sessions from keychain...
[Info  - 15:56:25.103] Getting sessions for all scopes...
[Info  - 15:56:26.247] Got 0 sessions for ...
[Info  - 15:56:26.631] Getting sessions for all scopes...
[Info  - 15:56:26.631] Got 0 sessions for ...
[Info  - 15:56:26.636] Getting sessions for user:email...
[Info  - 15:56:26.636] Got 0 sessions for user:email...
[Info  - 15:56:27.101] Getting sessions for read:user,repo,user:email,workflow...
[Info  - 15:56:27.101] Got 0 sessions for read:user,repo,user:email,workflow...
[Info  - 15:56:27.176] Getting sessions for read:user,repo,user:email...
[Info  - 15:56:27.176] Got 0 sessions for read:user,repo,user:email...
[Info  - 15:56:27.264] Getting sessions for read:user,repo,user:email,workflow...
[Info  - 15:56:27.264] Got 0 sessions for read:user,repo,user:email,workflow...
[Info  - 15:56:27.288] Getting sessions for read:user,repo,user:email...
[Info  - 15:56:27.288] Got 0 sessions for read:user,repo,user:email...
[Info  - 15:56:35.330] Getting sessions for all scopes...
[Info  - 15:56:35.330] Got 0 sessions for ...
[Info  - 15:56:35.357] Getting sessions for read:user,repo,user:email,workflow...
[Info  - 15:56:35.364] Got 0 sessions for read:user,repo,user:email,workflow...
[Info  - 15:56:35.410] Getting sessions for read:user,repo,user:email...
[Info  - 15:56:35.411] Got 0 sessions for read:user,repo,user:email...
[Info  - 15:56:36.763] Logging in for the following scopes: read:user repo user:email workflow
[Info  - 15:56:36.782] Trying without local server... (read:user repo user:email workflow)
[Trace  - 15:56:41.212] Handling Uri...
[Info  - 15:56:41.212] Exchanging code for token...
[Info  - 15:56:42.120] Token exchange success!
[Info  - 15:56:42.120] Getting user info...
[Info  - 15:56:42.730] Got account info!
[Info  - 15:56:42.731] Storing 1 sessions...
[Error  - 15:56:43.16] Setting token failed: Error: GDBus.Error:org.freedesktop.DBus.Error.ServiceUnknown: The name org.freedesktop.secrets was not provided by any .service files
[Info  - 15:56:43.16] Stored 1 sessions!
[Info  - 15:56:43.17] Login success!
[Info  - 15:56:43.65] Getting sessions for user:email...
[Info  - 15:56:43.65] Got 0 sessions for user:email...
[Info  - 15:56:43.68] Getting sessions for read:user,repo,user:email,workflow...
[Info  - 15:56:43.68] Getting sessions for read:user,repo,user:email...
[Info  - 15:56:43.68] Got 1 sessions for read:user,repo,user:email,workflow...
[Info  - 15:56:43.68] Got 0 sessions for read:user,repo,user:email...
[Info  - 15:56:44.351] Getting sessions for read:user,repo,user:email,workflow...
[Info  - 15:56:44.351] Got 1 sessions for read:user,repo,user:email,workflow...
[Info  - 15:56:46.372] Getting sessions for read:user,repo,user:email,workflow...
[Info  - 15:56:46.372] Got 1 sessions for read:user,repo,user:email,workflow...
