[Info  - 03:43:09.763] Reading sessions from keychain...
[Info  - 03:43:10.8] Getting sessions for all scopes...
[Info  - 03:43:10.170] Got 0 sessions for ...
[Info  - 03:43:10.222] Getting sessions for all scopes...
[Info  - 03:43:10.222] Getting sessions for user:email...
[Info  - 03:43:10.228] Got 0 sessions for ...
[Info  - 03:43:10.228] Got 0 sessions for user:email...
[Info  - 03:43:10.398] Getting sessions for read:user,repo,user:email,workflow...
[Info  - 03:43:10.399] Got 0 sessions for read:user,repo,user:email,workflow...
[Info  - 03:43:10.438] Getting sessions for read:user,repo,user:email...
[Info  - 03:43:10.438] Got 0 sessions for read:user,repo,user:email...
[Info  - 03:43:10.623] Getting sessions for read:user,repo,user:email,workflow...
[Info  - 03:43:10.623] Got 0 sessions for read:user,repo,user:email,workflow...
[Info  - 03:43:10.629] Getting sessions for read:user,repo,user:email...
[Info  - 03:43:10.629] Got 0 sessions for read:user,repo,user:email...
[Info  - 03:43:11.578] Getting sessions for all scopes...
[Info  - 03:43:11.578] Got 0 sessions for ...
[Info  - 03:43:11.633] Getting sessions for read:user,repo,user:email...
[Info  - 03:43:11.634] Got 0 sessions for read:user,repo,user:email...
[Info  - 03:43:12.40] Getting sessions for all scopes...
[Info  - 03:43:12.41] Got 0 sessions for ...
