[2022-09-17 09:43:09.111] [exthost] [info] Extension host with pid 9921 started
[2022-09-17 09:43:09.111] [exthost] [info] Skipping acquiring lock for /home/aboka/.config/Code/User/workspaceStorage/4dc0ab52c46b54f543104e2afc52a7e4.
[2022-09-17 09:43:09.394] [exthost] [info] ExtensionService#_doActivateExtension vscode.typescript-language-features, startup: false, activationEvent: 'onLanguage:javascriptreact'
[2022-09-17 09:43:09.445] [exthost] [info] ExtensionService#_doActivateExtension christian-kohler.npm-intellisense, startup: false, activationEvent: 'onLanguage:javascriptreact'
[2022-09-17 09:43:09.465] [exthost] [info] ExtensionService#_doActivateExtension leizongmin.node-module-intellisense, startup: false, activationEvent: 'onLanguage:javascriptreact'
[2022-09-17 09:43:09.468] [exthost] [info] ExtensionService#_doActivateExtension mgmcdermott.vscode-language-babel, startup: false, activationEvent: 'onLanguage:javascriptreact'
[2022-09-17 09:43:09.470] [exthost] [info] ExtensionService#_doActivateExtension vscode.microsoft-authentication, startup: false, activationEvent: 'onAuthenticationRequest:microsoft'
[2022-09-17 09:43:09.486] [exthost] [info] ExtensionService#_doActivateExtension vscode.debug-auto-launch, startup: true, activationEvent: '*'
[2022-09-17 09:43:09.489] [exthost] [info] ExtensionService#_doActivateExtension vscode.git-base, startup: true, activationEvent: '*', root cause: vscode.git
[2022-09-17 09:43:09.493] [exthost] [info] ExtensionService#_doActivateExtension vscode.ipynb, startup: true, activationEvent: '*'
[2022-09-17 09:43:09.495] [exthost] [info] ExtensionService#_doActivateExtension christian-kohler.path-intellisense, startup: true, activationEvent: '*'
[2022-09-17 09:43:09.507] [exthost] [info] ExtensionService#_doActivateExtension ecmel.vscode-html-css, startup: true, activationEvent: '*'
[2022-09-17 09:43:09.552] [exthost] [info] ExtensionService#_doActivateExtension formulahendry.auto-rename-tag, startup: true, activationEvent: '*'
[2022-09-17 09:43:09.587] [exthost] [info] ExtensionService#_doActivateExtension vscode.github-authentication, startup: true, activationEvent: '*', root cause: GitHub.vscode-pull-request-github
[2022-09-17 09:43:09.621] [exthost] [info] ExtensionService#_doActivateExtension s-nlf-fh.glassit, startup: true, activationEvent: '*'
[2022-09-17 09:43:09.634] [exthost] [info] ExtensionService#_doActivateExtension TabNine.tabnine-vscode, startup: true, activationEvent: '*'
[2022-09-17 09:43:09.682] [exthost] [info] ExtensionService#_doActivateExtension vscode-icons-team.vscode-icons, startup: true, activationEvent: '*'
[2022-09-17 09:43:10.009] [exthost] [info] ExtensionService#_doActivateExtension vscode.git, startup: true, activationEvent: '*'
[2022-09-17 09:43:10.068] [exthost] [info] ExtensionService#_doActivateExtension vscode.github, startup: true, activationEvent: '*'
[2022-09-17 09:43:10.077] [exthost] [info] ExtensionService#_doActivateExtension GitHub.vscode-pull-request-github, startup: true, activationEvent: '*'
[2022-09-17 09:43:10.138] [exthost] [info] ExtensionService#_doActivateExtension vscode.configuration-editing, startup: false, activationEvent: 'onLanguage:jsonc'
[2022-09-17 09:43:10.141] [exthost] [info] ExtensionService#_doActivateExtension vscode.json-language-features, startup: false, activationEvent: 'onLanguage:jsonc'
[2022-09-17 09:43:11.018] [exthost] [info] Eager extensions activated
[2022-09-17 09:43:11.022] [exthost] [info] ExtensionService#_doActivateExtension vscode.emmet, startup: false, activationEvent: 'onStartupFinished'
[2022-09-17 09:43:11.025] [exthost] [info] ExtensionService#_doActivateExtension vscode.merge-conflict, startup: false, activationEvent: 'onStartupFinished'
[2022-09-17 09:43:11.026] [exthost] [info] ExtensionService#_doActivateExtension bradlc.vscode-tailwindcss, startup: false, activationEvent: 'onStartupFinished'
[2022-09-17 09:43:11.039] [exthost] [info] ExtensionService#_doActivateExtension dbaeumer.vscode-eslint, startup: false, activationEvent: 'onStartupFinished'
[2022-09-17 09:43:11.047] [exthost] [info] ExtensionService#_doActivateExtension dsznajder.es7-react-js-snippets, startup: false, activationEvent: 'onStartupFinished'
[2022-09-17 09:43:11.276] [exthost] [info] ExtensionService#_doActivateExtension eamodio.gitlens, startup: false, activationEvent: 'onStartupFinished'
[2022-09-17 09:43:11.299] [exthost] [info] ExtensionService#_doActivateExtension ms-vscode-remote.remote-containers, startup: false, activationEvent: 'onStartupFinished'
[2022-09-17 09:43:11.324] [exthost] [info] ExtensionService#_doActivateExtension ms-vscode-remote.remote-wsl, startup: false, activationEvent: 'onStartupFinished'
[2022-09-17 09:43:11.329] [exthost] [info] ExtensionService#_doActivateExtension PKief.material-icon-theme, startup: false, activationEvent: 'onStartupFinished'
[2022-09-17 09:43:11.339] [exthost] [info] ExtensionService#_doActivateExtension RapidAPI.vscode-rapidapi-client, startup: false, activationEvent: 'onStartupFinished'
[2022-09-17 09:44:33.798] [exthost] [warning] TextEditor is closed/disposed
