[2022-09-17 09:13:53.651] [renderer1] [critical] Extension 'tabnine.tabnine-vscode' wants API proposal 'inlineCompletions' but that proposal DOES NOT EXIST. Likely, the proposal has been finalized (check 'vscode.d.ts') or was abandoned.
[2022-09-17 09:13:53.814] [renderer1] [error] [xabikos.JavaScriptSnippets]: Unknown language in `contributes.JavaScriptSnippets.language`. Provided value: vue
[2022-09-17 09:13:59.631] [renderer1] [info] UNRESPONSIVE extension host: starting to profile NOW
[2022-09-17 09:14:00.090] [renderer1] [info] UNRESPONSIVE extension host: received responsive event and cancelling profiling session
[2022-09-17 09:14:00.114] [renderer1] [warning] UNRESPONSIVE extension host: 's-nlf-fh.glassit' took 61% of 499.144ms, saved PROFILE here: 'file:///tmp/exthost-5148ce.cpuprofile' [{"id":"gc","total":6023,"percentage":1},{"id":"s-nlf-fh.glassit","total":304773,"percentage":61},{"id":"self","total":130248,"percentage":26},{"id":"TabNine.tabnine-vscode","total":32902,"percentage":7},{"id":"vscode-icons-team.vscode-icons","total":25113,"percentage":5}]
[2022-09-17 09:14:00.930] [renderer1] [error] [Extension Host] /bin/sh: line 1: hostname: command not found
[2022-09-17 09:14:09.754] [renderer1] [error] [Extension Host] Error: Binary request timed out. {"Features":{}}
    at Timeout._onTimeout (/home/aboka/.vscode/extensions/tabnine.tabnine-vscode-3.6.15/out/extension.js:17:33073)
    at listOnTimeout (node:internal/timers:559:17)
    at processTimers (node:internal/timers:502:7)
[2022-09-17 09:14:09.754] [renderer1] [error] [Extension Host] Error: Could not get enabled capabilities
    at Object.t.getCapabilities (/home/aboka/.vscode/extensions/tabnine.tabnine-vscode-3.6.15/out/extension.js:17:45079)
    at runNextTicks (node:internal/process/task_queues:61:5)
    at processTimers (node:internal/timers:499:9)
    at l (/home/aboka/.vscode/extensions/tabnine.tabnine-vscode-3.6.15/out/extension.js:17:51517)
[2022-09-17 09:14:14.436] [renderer1] [error] [Extension Host] Error: Binary request timed out. {"NotifyWorkspaceChanged":{"workspace_folders":["/home/aboka/Downloads/умт 200","/home/aboka/Projects/e-commerce-app"]}}
    at Timeout._onTimeout (/home/aboka/.vscode/extensions/tabnine.tabnine-vscode-3.6.15/out/extension.js:17:33073)
    at listOnTimeout (node:internal/timers:559:17)
    at processTimers (node:internal/timers:502:7)
[2022-09-17 09:14:15.431] [renderer1] [error] [Extension Host] Error: Binary request timed out. {"State":{}}
    at Timeout._onTimeout (/home/aboka/.vscode/extensions/tabnine.tabnine-vscode-3.6.15/out/extension.js:17:33073)
    at listOnTimeout (node:internal/timers:559:17)
    at processTimers (node:internal/timers:502:7)
[2022-09-17 09:14:16.432] [renderer1] [error] [Extension Host] Error: Binary request timed out. {"State":{}}
    at Timeout._onTimeout (/home/aboka/.vscode/extensions/tabnine.tabnine-vscode-3.6.15/out/extension.js:17:33073)
    at listOnTimeout (node:internal/timers:559:17)
    at processTimers (node:internal/timers:502:7)
[2022-09-17 09:14:17.433] [renderer1] [error] [Extension Host] Error: Binary request timed out. {"State":{}}
    at Timeout._onTimeout (/home/aboka/.vscode/extensions/tabnine.tabnine-vscode-3.6.15/out/extension.js:17:33073)
    at listOnTimeout (node:internal/timers:559:17)
    at processTimers (node:internal/timers:502:7)
[2022-09-17 09:14:18.435] [renderer1] [error] [Extension Host] Error: Binary request timed out. {"State":{}}
    at Timeout._onTimeout (/home/aboka/.vscode/extensions/tabnine.tabnine-vscode-3.6.15/out/extension.js:17:33073)
    at listOnTimeout (node:internal/timers:559:17)
    at processTimers (node:internal/timers:502:7)
[2022-09-17 09:14:19.434] [renderer1] [error] [Extension Host] Error: Binary request timed out. {"State":{}}
    at Timeout._onTimeout (/home/aboka/.vscode/extensions/tabnine.tabnine-vscode-3.6.15/out/extension.js:17:33073)
    at listOnTimeout (node:internal/timers:559:17)
    at processTimers (node:internal/timers:502:7)
[2022-09-17 09:14:20.434] [renderer1] [error] [Extension Host] Error: Binary request timed out. {"State":{}}
    at Timeout._onTimeout (/home/aboka/.vscode/extensions/tabnine.tabnine-vscode-3.6.15/out/extension.js:17:33073)
    at listOnTimeout (node:internal/timers:559:17)
    at processTimers (node:internal/timers:502:7)
[2022-09-17 09:14:21.581] [renderer1] [error] [Extension Host] Error: Binary request timed out. {"SetState":{"state_type":{"StatusShown":{"id":"see-tabnine-insights_2022-09-17 03:14:13.412868154 UTC","text":"See Tabnine Insights 💪","notification_type":"System","state":null}}}}
    at Timeout._onTimeout (/home/aboka/.vscode/extensions/tabnine.tabnine-vscode-3.6.15/out/extension.js:17:33073)
    at listOnTimeout (node:internal/timers:559:17)
    at processTimers (node:internal/timers:502:7)
[2022-09-17 09:14:22.582] [renderer1] [error] [Extension Host] Error: Binary request timed out. {"State":{}}
    at Timeout._onTimeout (/home/aboka/.vscode/extensions/tabnine.tabnine-vscode-3.6.15/out/extension.js:17:33073)
    at listOnTimeout (node:internal/timers:559:17)
    at processTimers (node:internal/timers:502:7)
