[2022-09-06 03:57:19.730] [info] { level: 'info', from: 'AssetCache', type: 'checkingForAppUpdate' }
[2022-09-06 03:57:20.231] [info] Websocket listening on 44575...
[2022-09-06 03:57:20.235] [info] Set up server listeners with auth (e2cde81b8ca1cd52a88a9708c22322663eca36c5)...
[2022-09-06 04:03:17.158] [info] { level: 'info', from: 'AssetCache', type: 'checkingForAppUpdate' }
[2022-09-07 01:52:18.937] [info] { level: 'info', from: 'AssetCache', type: 'checkingForAppUpdate' }
[2022-09-07 01:52:22.518] [info] Websocket listening on 40975...
[2022-09-07 01:52:22.523] [info] Set up server listeners with auth (bf0433832974b75057aeab7603904d19e4a3049a)...
[2022-09-08 18:12:44.843] [info] { level: 'info', from: 'AssetCache', type: 'checkingForAppUpdate' }
[2022-09-08 18:12:57.775] [info] Websocket listening on 45109...
[2022-09-08 18:12:57.779] [info] Set up server listeners with auth (fa80886a4e584ad9351cc619794bd3ebc1e803f8)...
[2022-09-08 18:12:58.238] [info] { level: 'info', from: 'AssetCache', type: 'checkingForAppUpdate' }
[2022-09-08 19:29:34.055] [info] { level: 'info', from: 'AssetCache', type: 'checkingForAppUpdate' }
[2022-09-08 19:29:34.742] [info] Websocket listening on 40511...
[2022-09-08 19:29:34.746] [info] Set up server listeners with auth (1a252f71e7f9e6e2f74f0f47cbfb4541772ba9da)...
[2022-09-09 00:09:06.539] [info] { level: 'info', from: 'AssetCache', type: 'checkingForAppUpdate' }
[2022-09-09 00:09:09.295] [info] Websocket listening on 38807...
[2022-09-09 00:09:09.298] [info] Set up server listeners with auth (fd37d015a0c8d4815f15d430e171aa03da9cf4b0)...
[2022-09-09 16:42:54.144] [info] { level: 'info', from: 'AssetCache', type: 'checkingForAppUpdate' }
[2022-09-09 16:42:58.075] [info] Websocket listening on 35103...
[2022-09-09 16:42:58.079] [info] Set up server listeners with auth (9934295c5f907a61d73ab8e9399959af83a71c37)...
[2022-09-09 20:25:52.424] [info] { level: 'info', from: 'AssetCache', type: 'checkingForAppUpdate' }
[2022-09-09 20:25:55.053] [info] Websocket listening on 36079...
[2022-09-09 20:25:55.057] [info] Set up server listeners with auth (b3066c9146e5db1ee81dfd373a84ea260bdab89f)...
[2022-09-11 00:16:48.729] [info] { level: 'info', from: 'AssetCache', type: 'checkingForAppUpdate' }
[2022-09-11 00:16:54.219] [info] Websocket listening on 32987...
[2022-09-11 00:16:54.224] [info] Set up server listeners with auth (7b3653b9dc6ec97492c3bbbf124b59969c8791e5)...
[2022-09-11 11:56:00.345] [info] { level: 'info', from: 'AssetCache', type: 'checkingForAppUpdate' }
[2022-09-11 11:56:20.703] [info] Websocket listening on 32931...
[2022-09-11 11:56:20.707] [info] Set up server listeners with auth (65f5da0ba010a96d1f981984585c6a96a1c9e6e7)...
[2022-09-11 11:56:21.269] [info] { level: 'info', from: 'AssetCache', type: 'checkingForAppUpdate' }
[2022-09-11 11:57:33.361] [info] Responding to SIGTERM and shutting down...
[2022-09-11 11:58:09.448] [info] { level: 'info', from: 'AssetCache', type: 'checkingForAppUpdate' }
[2022-09-11 11:58:09.980] [info] Websocket listening on 41433...
[2022-09-11 11:58:09.984] [info] Set up server listeners with auth (7309c2a4846790e2952f7b92b3df8c4f1b9d0ad9)...
[2022-09-11 12:06:54.800] [info] Responding to SIGTERM and shutting down...
[2022-09-11 12:06:56.989] [info] { level: 'info', from: 'AssetCache', type: 'checkingForAppUpdate' }
[2022-09-11 12:06:57.483] [info] Websocket listening on 42323...
[2022-09-11 12:06:57.487] [info] Set up server listeners with auth (fc6fd39d9476e745acb9aa4f56cd097e08d6dca6)...
[2022-09-11 18:21:56.275] [info] { level: 'info', from: 'AssetCache', type: 'checkingForAppUpdate' }
[2022-09-11 18:22:06.141] [info] Websocket listening on 44099...
[2022-09-11 18:22:06.145] [info] Set up server listeners with auth (0c73ecb7281a6d129118588efad7109333997e82)...
[2022-09-12 16:56:49.087] [info] { level: 'info', from: 'AssetCache', type: 'checkingForAppUpdate' }
[2022-09-12 16:56:53.076] [info] Websocket listening on 33249...
[2022-09-12 16:56:53.079] [info] Set up server listeners with auth (f78389accfcc40bb730b77435111dca81b81e4da)...
[2022-09-12 21:36:44.789] [info] { level: 'info', from: 'AssetCache', type: 'checkingForAppUpdate' }
[2022-09-12 21:36:45.271] [info] Websocket listening on 33983...
[2022-09-12 21:36:45.274] [info] Set up server listeners with auth (738ff41a7b7282b1c99e2577b6e8b6813e104de2)...
[2022-09-13 18:21:02.974] [info] { level: 'info', from: 'AssetCache', type: 'checkingForAppUpdate' }
[2022-09-13 18:21:24.398] [info] Websocket listening on 36335...
[2022-09-13 18:21:24.403] [info] Set up server listeners with auth (f2f020a1d0b1c5ee4a56b604d94a8f8a361d2c52)...
[2022-09-13 21:22:16.926] [info] Responding to SIGTERM and shutting down...
[2022-09-14 18:19:12.279] [info] { level: 'info', from: 'AssetCache', type: 'checkingForAppUpdate' }
[2022-09-14 18:19:44.744] [info] Websocket listening on 37535...
[2022-09-14 18:19:44.748] [info] Set up server listeners with auth (26382ec62a6d6e3ff4a4c8403e809a15a83da97f)...
[2022-09-14 18:33:42.535] [info] { level: 'info', from: 'AssetCache', type: 'checkingForAppUpdate' }
[2022-09-14 18:33:43.009] [info] Websocket listening on 41145...
[2022-09-14 18:33:43.013] [info] Set up server listeners with auth (0352784d6a37a13320c1592020236869c6213e43)...
[2022-09-15 20:36:26.106] [info] { level: 'info', from: 'AssetCache', type: 'checkingForAppUpdate' }
[2022-09-15 20:36:29.547] [info] Websocket listening on 42211...
[2022-09-15 20:36:29.564] [info] Set up server listeners with auth (50b6f954ad1956c3928341b0b4dba1aca66c424b)...
[2022-09-16 19:43:30.125] [info] { level: 'info', from: 'AssetCache', type: 'checkingForAppUpdate' }
[2022-09-16 19:44:06.841] [info] Websocket listening on 44405...
[2022-09-16 19:44:06.844] [info] Set up server listeners with auth (681f17c68682de8afe017c156dd1f6466f585e5b)...
[2022-09-17 09:14:28.023] [info] { level: 'info', from: 'AssetCache', type: 'checkingForAppUpdate' }
[2022-09-17 09:14:45.577] [info] Websocket listening on 44341...
[2022-09-17 09:14:45.580] [info] Set up server listeners with auth (bebe470fe6b09216e39814480145a3febfeaaebc)...
[2022-09-17 18:31:33.865] [info] { level: 'info', from: 'AssetCache', type: 'checkingForAppUpdate' }
[2022-09-17 18:31:49.349] [info] Websocket listening on 41913...
[2022-09-17 18:31:49.353] [info] Set up server listeners with auth (6174338c16f1259631159b37f055f403e5d44ce9)...
[2022-09-18 08:40:41.389] [info] { level: 'info', from: 'AssetCache', type: 'checkingForAppUpdate' }
[2022-09-18 08:41:11.062] [info] Websocket listening on 40129...
[2022-09-18 08:41:11.066] [info] Set up server listeners with auth (35965d4f416a9698175871c4dc89518b48b17c10)...
[2022-09-18 21:11:37.734] [info] { level: 'info', from: 'AssetCache', type: 'checkingForAppUpdate' }
[2022-09-18 21:11:57.151] [info] Websocket listening on 34409...
[2022-09-18 21:11:57.154] [info] Set up server listeners with auth (2673c302dcfc3672a4b27e013addfa572d02946f)...
[2022-09-18 22:42:49.128] [info] { level: 'info', from: 'AssetCache', type: 'checkingForAppUpdate' }
[2022-09-18 22:42:52.559] [info] Websocket listening on 45931...
[2022-09-18 22:42:52.562] [info] Set up server listeners with auth (bfe9714892162cf17d52f21033a2a52e5b12bf8a)...
[2022-09-19 18:35:52.868] [info] { level: 'info', from: 'AssetCache', type: 'checkingForAppUpdate' }
[2022-09-19 18:36:16.180] [info] Websocket listening on 33167...
[2022-09-19 18:36:16.184] [info] Set up server listeners with auth (bcf27cd442536547c05e984321d8e31eb8370ae4)...
[2022-09-20 20:07:00.828] [info] { level: 'info', from: 'AssetCache', type: 'checkingForAppUpdate' }
[2022-09-20 20:07:19.374] [info] Websocket listening on 34373...
[2022-09-20 20:07:19.379] [info] Set up server listeners with auth (ad98449e17cabc088b09189631e5d61fb8834622)...
[2022-09-21 17:53:49.974] [info] { level: 'info', from: 'AssetCache', type: 'checkingForAppUpdate' }
[2022-09-21 17:54:14.071] [info] Websocket listening on 43329...
[2022-09-21 17:54:14.075] [info] Set up server listeners with auth (864aea78b143c3e638902a1ae912c2d33d7b5f37)...
[2022-09-22 17:10:18.431] [info] { level: 'info', from: 'AssetCache', type: 'checkingForAppUpdate' }
[2022-09-22 17:10:28.798] [info] { level: 'info', from: 'AssetCache', type: 'checkingForAppUpdate' }
[2022-09-22 17:10:37.105] [info] Websocket listening on 45925...
[2022-09-22 17:10:37.109] [info] Set up server listeners with auth (f537726ea4c8b9120b9da542cca9a6cd8b1cee13)...
[2022-09-22 17:16:50.337] [info] { level: 'info', from: 'AssetCache', type: 'checkingForAppUpdate' }
[2022-09-22 17:16:50.851] [info] Websocket listening on 35017...
[2022-09-22 17:16:50.855] [info] Set up server listeners with auth (60def14d0450a823d23919880cf4b63612438302)...
[2022-09-22 22:49:25.487] [info] Responding to SIGTERM and shutting down...
[2022-09-23 19:38:19.488] [info] { level: 'info', from: 'AssetCache', type: 'checkingForAppUpdate' }
[2022-09-23 19:38:29.133] [info] Websocket listening on 41067...
[2022-09-23 19:38:29.137] [info] Set up server listeners with auth (ec86f0a3eb794f7c5b6bcc4c59f73b7a59e89cf4)...
[2022-09-24 09:48:33.564] [info] { level: 'info', from: 'AssetCache', type: 'checkingForAppUpdate' }
[2022-09-24 09:49:09.243] [info] Websocket listening on 34155...
[2022-09-24 09:49:09.246] [info] Set up server listeners with auth (aa4bf1a0212bc590c660b1331ad6888bf1777c31)...
[2022-09-24 10:07:20.208] [info] { level: 'info', from: 'AssetCache', type: 'checkingForAppUpdate' }
[2022-09-24 10:07:20.886] [info] Websocket listening on 35755...
[2022-09-24 10:07:20.891] [info] Set up server listeners with auth (1662020a57809ecd423233926bccb172b9611643)...
[2022-09-24 12:02:52.458] [info] { level: 'info', from: 'AssetCache', type: 'checkingForAppUpdate' }
[2022-09-24 12:02:53.096] [info] Websocket listening on 38515...
[2022-09-24 12:02:53.100] [info] Set up server listeners with auth (3a5fdff02db17974ee28a28165111d9d542f14fd)...
[2022-09-24 15:49:00.811] [info] { level: 'info', from: 'AssetCache', type: 'checkingForAppUpdate' }
[2022-09-24 15:49:35.772] [info] Websocket listening on 38835...
[2022-09-24 15:49:35.777] [info] Set up server listeners with auth (6bf1102c64134e28cfd83614b6b3e7cf053352c9)...
[2022-09-25 09:40:38.853] [info] { level: 'info', from: 'AssetCache', type: 'checkingForAppUpdate' }
[2022-09-25 09:41:01.062] [info] Websocket listening on 40889...
[2022-09-25 09:41:01.066] [info] Set up server listeners with auth (19e7a6e5a4d290f52f6fea730fddeacde82c4fe1)...
[2022-09-25 13:02:34.197] [info] { level: 'info', from: 'AssetCache', type: 'checkingForAppUpdate' }
[2022-09-25 13:03:13.814] [info] Websocket listening on 36477...
[2022-09-25 13:03:13.818] [info] Set up server listeners with auth (22d8c0959d776dbd720d3e1198fffcb862704c7f)...
[2022-09-26 17:41:46.963] [info] { level: 'info', from: 'AssetCache', type: 'checkingForAppUpdate' }
[2022-09-26 17:42:10.829] [info] Websocket listening on 46235...
[2022-09-26 17:42:10.833] [info] Set up server listeners with auth (d320eaa1d1bd31b361d39831fa752fa60a274b7e)...
[2022-09-27 16:56:47.236] [info] { level: 'info', from: 'AssetCache', type: 'checkingForAppUpdate' }
[2022-09-27 16:57:16.378] [info] Websocket listening on 41293...
[2022-09-27 16:57:16.383] [info] Set up server listeners with auth (e1feb02c1e22c4c783c28daabe10148c1f3c0889)...
[2022-09-27 16:59:36.007] [info] { level: 'info', from: 'AssetCache', type: 'checkingForAppUpdate' }
[2022-09-27 16:59:37.027] [info] Websocket listening on 44305...
[2022-09-27 16:59:37.031] [info] Set up server listeners with auth (19abb83bbbbd75370019d10d17c4f0891212b820)...
[2022-09-27 17:05:09.608] [info] { level: 'info', from: 'AssetCache', type: 'checkingForAppUpdate' }
[2022-09-27 17:05:10.092] [info] Websocket listening on 41025...
[2022-09-27 17:05:10.097] [info] Set up server listeners with auth (be3ed21d72ebf8d70439a0b7f5a275e5506cd7d6)...
[2022-09-27 20:26:18.649] [info] { level: 'info', from: 'AssetCache', type: 'checkingForAppUpdate' }
[2022-09-27 20:26:26.979] [info] Websocket listening on 40047...
[2022-09-27 20:26:26.983] [info] Set up server listeners with auth (d61073a85cf6cab0d51251635894e249ae7d2e05)...
[2022-10-03 17:16:59.942] [info] { level: 'info', from: 'AssetCache', type: 'checkingForAppUpdate' }
[2022-10-03 17:17:03.709] [info] Websocket listening on 33989...
[2022-10-03 17:17:03.713] [info] Set up server listeners with auth (a4d07044372c5ca3c8d6889740e51e4a45b695d5)...
[2022-10-03 20:36:28.200] [info] { level: 'info', from: 'AssetCache', type: 'checkingForAppUpdate' }
[2022-10-03 20:36:43.128] [info] Websocket listening on 45569...
[2022-10-03 20:36:43.133] [info] Set up server listeners with auth (3597b17d66d6a659c6ffe86dd04ab508d113836d)...
[2022-10-04 16:59:38.570] [info] { level: 'info', from: 'AssetCache', type: 'checkingForAppUpdate' }
[2022-10-04 17:00:00.659] [info] Websocket listening on 40991...
[2022-10-04 17:00:00.663] [info] Set up server listeners with auth (0f219412b9407e576732ba8a1b12018634cd881f)...
[2022-10-04 21:56:01.423] [info] Responding to SIGTERM and shutting down...
[2022-10-05 18:15:40.064] [info] { level: 'info', from: 'AssetCache', type: 'checkingForAppUpdate' }
[2022-10-05 18:15:54.823] [info] Websocket listening on 35127...
[2022-10-05 18:15:54.828] [info] Set up server listeners with auth (ebfd5c35ed1ecba9df0df45ae65f2ba1e23f51bf)...
[2022-10-06 20:08:41.132] [info] { level: 'info', from: 'AssetCache', type: 'checkingForAppUpdate' }
[2022-10-06 20:09:03.688] [info] Websocket listening on 42671...
[2022-10-06 20:09:03.692] [info] Set up server listeners with auth (ac8ebd5f752ac56cbb7f76da741158998ae45a75)...
[2022-10-07 19:12:03.016] [info] { level: 'info', from: 'AssetCache', type: 'checkingForAppUpdate' }
[2022-10-07 19:12:31.796] [info] Websocket listening on 38581...
[2022-10-07 19:12:31.801] [info] Set up server listeners with auth (0d93bcb487cef2efc85cd6db0722ad1e1f47f79e)...
[2022-10-08 09:48:39.446] [info] { level: 'info', from: 'AssetCache', type: 'checkingForAppUpdate' }
[2022-10-08 09:49:08.094] [info] Websocket listening on 35437...
[2022-10-08 09:49:08.098] [info] Set up server listeners with auth (290e895b95b8d7172fd9d85521e641d3cc4f8231)...
[2022-10-08 19:57:12.774] [info] { level: 'info', from: 'AssetCache', type: 'checkingForAppUpdate' }
[2022-10-08 19:57:37.109] [info] Websocket listening on 42107...
[2022-10-08 19:57:37.113] [info] Set up server listeners with auth (243ae4ae32e654f32098e5f10ae1a3bb6ab8266c)...
[2022-10-08 20:14:14.648] [info] { level: 'info', from: 'AssetCache', type: 'checkingForAppUpdate' }
[2022-10-08 20:16:15.470] [info] Responding to SIGTERM and shutting down...
[2022-10-08 20:16:47.347] [info] { level: 'info', from: 'AssetCache', type: 'checkingForAppUpdate' }
[2022-10-08 20:16:47.809] [info] Websocket listening on 44459...
[2022-10-08 20:16:47.813] [info] Set up server listeners with auth (e8a452772afcb539dbd115a43be1641b4fdf68af)...
[2022-10-21 17:07:19.892] [info] { level: 'info', from: 'AssetCache', type: 'checkingForAppUpdate' }
[2022-10-21 17:07:46.773] [info] Websocket listening on 33521...
[2022-10-21 17:07:46.777] [info] Set up server listeners with auth (e4a09518b68439e7515dc9c2f334f666ce232282)...
[2022-10-22 19:15:15.270] [info] { level: 'info', from: 'AssetCache', type: 'checkingForAppUpdate' }
[2022-10-22 19:15:50.070] [info] Websocket listening on 33139...
[2022-10-22 19:15:50.073] [info] Set up server listeners with auth (efcc6996cbdceae279e78b6744a1290cd181dad7)...
[2022-10-23 10:59:42.096] [info] { level: 'info', from: 'AssetCache', type: 'checkingForAppUpdate' }
[2022-10-23 11:00:04.438] [info] Websocket listening on 36331...
[2022-10-23 11:00:04.441] [info] Set up server listeners with auth (776eaa8105625df77b7cdae9325eed8b5b7cece2)...
[2022-10-23 15:28:38.119] [info] { level: 'info', from: 'AssetCache', type: 'checkingForAppUpdate' }
[2022-10-23 15:28:59.261] [info] Websocket listening on 34601...
[2022-10-23 15:28:59.266] [info] Set up server listeners with auth (6e752faf76788c6c3779112376d9cece49ffcaa7)...
[2022-10-24 12:07:57.125] [info] { level: 'info', from: 'AssetCache', type: 'checkingForAppUpdate' }
[2022-10-24 12:08:33.135] [info] Websocket listening on 43913...
[2022-10-24 12:08:33.139] [info] Set up server listeners with auth (915c630ddd38e20f8ddd58eb04679da878028210)...
[2022-10-24 18:45:53.724] [info] { level: 'info', from: 'AssetCache', type: 'checkingForAppUpdate' }
[2022-10-24 18:46:15.506] [info] Websocket listening on 39857...
[2022-10-24 18:46:15.510] [info] Set up server listeners with auth (a4806f8343e96c86b3a41c9768fb378cde7457da)...
[2022-10-24 21:33:20.484] [info] { level: 'info', from: 'AssetCache', type: 'checkingForAppUpdate' }
[2022-10-24 21:33:39.091] [info] Websocket listening on 40423...
[2022-10-24 21:33:39.095] [info] Set up server listeners with auth (5897775cbb19bf056c16c5f8daf22afb18de15ad)...
[2022-10-25 10:44:19.816] [info] { level: 'info', from: 'AssetCache', type: 'checkingForAppUpdate' }
[2022-10-25 10:44:49.844] [info] Websocket listening on 40113...
[2022-10-25 10:44:49.849] [info] Set up server listeners with auth (be9caeae4079c9103552f9b70370b366c0f71919)...
[2022-10-26 07:39:49.498] [info] { level: 'info', from: 'AssetCache', type: 'checkingForAppUpdate' }
[2022-10-26 07:39:59.974] [info] Websocket listening on 34849...
[2022-10-26 07:39:59.978] [info] Set up server listeners with auth (e564cc807dd5cf1dc2696429242c0faaffd92ec1)...
[2022-10-26 14:38:33.097] [info] { level: 'info', from: 'AssetCache', type: 'checkingForAppUpdate' }
[2022-10-26 14:38:58.361] [info] Websocket listening on 40295...
[2022-10-26 14:38:58.365] [info] Set up server listeners with auth (b1a1b895a8a5a48c8f1e19cbbddc4238deddabff)...
[2022-10-27 16:57:22.422] [info] { level: 'info', from: 'AssetCache', type: 'checkingForAppUpdate' }
[2022-10-27 16:57:57.207] [info] Websocket listening on 37411...
[2022-10-27 16:57:57.211] [info] Set up server listeners with auth (7b66ee2cd1aa1fe97447bcaab0f71a47570d6f1b)...
[2022-10-27 17:55:55.593] [info] { level: 'info', from: 'AssetCache', type: 'checkingForAppUpdate' }
[2022-10-27 17:55:55.593] [info] { level: 'info', from: 'AssetCache', type: 'checkingForAppUpdate' }
[2022-10-27 17:56:32.128] [info] Websocket listening on 33533...
[2022-10-27 17:56:32.132] [info] Set up server listeners with auth (853f4dd33dbd9294ebd3163334dc8f35b9be4a3f)...
[2022-10-27 21:05:11.977] [info] { level: 'info', from: 'AssetCache', type: 'checkingForAppUpdate' }
[2022-10-27 21:05:37.634] [info] Websocket listening on 35573...
[2022-10-27 21:05:37.639] [info] Set up server listeners with auth (f4d3f1868beb6a0e5a60bb93c9d009a6c14580e6)...
[2022-10-28 20:30:55.013] [info] { level: 'info', from: 'AssetCache', type: 'checkingForAppUpdate' }
[2022-10-28 20:31:07.962] [info] Websocket listening on 32815...
[2022-10-28 20:31:07.966] [info] Set up server listeners with auth (1037bb6d76c8f711b68c7b1eea6f0406c76d3cde)...
[2022-10-29 10:24:23.400] [info] { level: 'info', from: 'AssetCache', type: 'checkingForAppUpdate' }
[2022-10-29 10:24:37.213] [info] Websocket listening on 32809...
[2022-10-29 10:24:37.231] [info] Set up server listeners with auth (555ab2cc9c37997c185ef017710aaa965e7da867)...
[2022-10-29 19:08:54.984] [info] { level: 'info', from: 'AssetCache', type: 'checkingForAppUpdate' }
[2022-10-29 19:09:06.001] [info] Websocket listening on 37325...
[2022-10-29 19:09:06.018] [info] Set up server listeners with auth (1320003303d5357ad4254dfcc321d2f10fbd29d6)...
[2022-10-30 14:45:57.507] [info] { level: 'info', from: 'AssetCache', type: 'checkingForAppUpdate' }
[2022-10-30 14:46:07.324] [info] Websocket listening on 42713...
[2022-10-30 14:46:07.328] [info] Set up server listeners with auth (03c10f0cbcf5cfb65c8e2989c87ed2dc401b6578)...
[2022-10-31 07:42:05.587] [info] { level: 'info', from: 'AssetCache', type: 'checkingForAppUpdate' }
[2022-10-31 07:42:40.714] [info] Websocket listening on 34503...
[2022-10-31 07:42:40.718] [info] Set up server listeners with auth (af34dcf93a9640b562876a80daabecacd5644015)...
[2022-10-31 18:48:26.965] [info] { level: 'info', from: 'AssetCache', type: 'checkingForAppUpdate' }
[2022-10-31 18:48:39.359] [info] Websocket listening on 35599...
[2022-10-31 18:48:39.363] [info] Set up server listeners with auth (1c75cd3ea562c1ae1735bc4df4f516aea8c6ccee)...
[2022-10-31 21:13:34.395] [info] Responding to SIGTERM and shutting down...
[2022-11-01 07:20:39.759] [info] { level: 'info', from: 'AssetCache', type: 'checkingForAppUpdate' }
[2022-11-01 07:20:51.726] [info] Websocket listening on 36187...
[2022-11-01 07:20:51.730] [info] Set up server listeners with auth (e695afab0bdbbd09a528b5faf05d031254bc39a8)...
[2022-11-01 13:22:45.381] [info] { level: 'info', from: 'AssetCache', type: 'checkingForAppUpdate' }
[2022-11-01 13:22:58.660] [info] Websocket listening on 42653...
[2022-11-01 13:22:58.677] [info] Set up server listeners with auth (d4f92f8baae3256909dc036a8d5000ec8aaae9b8)...
[2022-11-01 17:15:28.970] [info] { level: 'info', from: 'AssetCache', type: 'checkingForAppUpdate' }
[2022-11-01 17:15:41.197] [info] Websocket listening on 33143...
[2022-11-01 17:15:41.201] [info] Set up server listeners with auth (3cfdbec15aa4ae5832b7a8e740aadbd5bef537dc)...
[2022-11-02 10:59:41.027] [info] { level: 'info', from: 'AssetCache', type: 'checkingForAppUpdate' }
[2022-11-02 10:59:53.718] [info] Websocket listening on 33941...
[2022-11-02 10:59:53.735] [info] Set up server listeners with auth (306a7360da048a70b4315a190d6237963ce49051)...
[2022-11-02 20:31:22.186] [info] { level: 'info', from: 'AssetCache', type: 'checkingForAppUpdate' }
[2022-11-02 20:31:35.394] [info] Websocket listening on 34207...
[2022-11-02 20:31:35.411] [info] Set up server listeners with auth (3746bd35d597cd416b3460477bdd70b2e2cdf274)...
[2022-11-03 08:51:21.166] [info] { level: 'info', from: 'AssetCache', type: 'checkingForAppUpdate' }
[2022-11-03 08:51:33.351] [info] Websocket listening on 33953...
[2022-11-03 08:51:33.364] [info] Set up server listeners with auth (ee0deb64946efb35b8e6f3a23185a1bb488f7487)...
[2022-11-03 13:44:44.307] [info] { level: 'info', from: 'AssetCache', type: 'checkingForAppUpdate' }
[2022-11-03 13:44:57.610] [info] Websocket listening on 34967...
[2022-11-03 13:44:57.614] [info] Set up server listeners with auth (62a7b2d62902397ea056b4e4f5f226b270a6c48e)...
[2022-11-03 23:18:07.409] [info] Responding to SIGTERM and shutting down...
[2022-11-03 23:18:13.328] [info] { level: 'info', from: 'AssetCache', type: 'checkingForAppUpdate' }
[2022-11-03 23:18:13.836] [info] Websocket listening on 33019...
[2022-11-03 23:18:13.840] [info] Set up server listeners with auth (e8422547e182416696c0550478bd9728cac38b76)...
[2022-11-04 07:18:25.776] [info] { level: 'info', from: 'AssetCache', type: 'checkingForAppUpdate' }
[2022-11-04 07:18:42.364] [info] Websocket listening on 39477...
[2022-11-04 07:18:42.367] [info] Set up server listeners with auth (11407e10473ee0d67f3c7fe9f4b905619179524c)...
[2022-11-04 12:53:13.134] [info] { level: 'info', from: 'AssetCache', type: 'checkingForAppUpdate' }
[2022-11-04 12:53:24.650] [info] Websocket listening on 44625...
[2022-11-04 12:53:24.668] [info] Set up server listeners with auth (fb6edfed6d6653caa48575ba145014b9d187c744)...
[2022-11-04 18:18:07.547] [info] { level: 'info', from: 'AssetCache', type: 'checkingForAppUpdate' }
[2022-11-04 18:18:21.325] [info] Websocket listening on 45245...
[2022-11-04 18:18:21.332] [info] Set up server listeners with auth (0961dfcceff9b2bf1037418ce74e8d945ee1b82e)...
[2022-11-05 11:23:04.398] [info] { level: 'info', from: 'AssetCache', type: 'checkingForAppUpdate' }
[2022-11-05 11:23:19.183] [info] Websocket listening on 34817...
[2022-11-05 11:23:19.205] [info] Set up server listeners with auth (351f853137535a06b2a1d0f5c4d12c7d2118b794)...
[2022-11-06 10:59:44.808] [info] { level: 'info', from: 'AssetCache', type: 'checkingForAppUpdate' }
[2022-11-06 11:00:04.251] [info] Websocket listening on 34915...
[2022-11-06 11:00:04.255] [info] Set up server listeners with auth (d21596af75f2daae759d3de88ddaa3323cc56833)...
[2022-11-06 21:10:59.821] [info] { level: 'info', from: 'AssetCache', type: 'checkingForAppUpdate' }
[2022-11-06 21:11:11.944] [info] Websocket listening on 41645...
[2022-11-06 21:11:11.962] [info] Set up server listeners with auth (53e671eb102c3bd82c8d8bb44ee65675f076cf1d)...
[2022-11-07 17:25:20.799] [info] { level: 'info', from: 'AssetCache', type: 'checkingForAppUpdate' }
[2022-11-07 17:25:33.251] [info] Websocket listening on 39759...
[2022-11-07 17:25:33.255] [info] Set up server listeners with auth (782d4c4ba6423096ca7767682e9ff7fdfb0fffc4)...
[2022-11-08 18:44:47.044] [info] { level: 'info', from: 'AssetCache', type: 'checkingForAppUpdate' }
[2022-11-08 18:45:03.115] [info] Websocket listening on 37855...
[2022-11-08 18:45:03.119] [info] Set up server listeners with auth (fb5463a97af14cc47949d8271776888a080121be)...
[2022-11-09 19:16:59.263] [info] { level: 'info', from: 'AssetCache', type: 'checkingForAppUpdate' }
[2022-11-09 19:17:09.603] [info] Websocket listening on 38475...
[2022-11-09 19:17:09.620] [info] Set up server listeners with auth (8dcb78f7c89794bbe648e49d51bc29f6c9fb659c)...
[2022-11-10 19:22:05.215] [info] { level: 'info', from: 'AssetCache', type: 'checkingForAppUpdate' }
[2022-11-10 19:22:24.677] [info] Websocket listening on 45189...
[2022-11-10 19:22:24.695] [info] Set up server listeners with auth (e8e6cdd9354f17aa6609d1aa6c13db11f6808f3d)...
[2022-11-10 21:41:45.296] [info] Responding to SIGTERM and shutting down...
[2022-11-12 11:03:51.664] [info] { level: 'info', from: 'AssetCache', type: 'checkingForAppUpdate' }
[2022-11-12 11:04:16.620] [info] Websocket listening on 37225...
[2022-11-12 11:04:16.623] [info] Set up server listeners with auth (72eef582a9c4d8f675de6e3310ca6fbe8bd66098)...
[2022-11-12 20:25:40.492] [info] { level: 'info', from: 'AssetCache', type: 'checkingForAppUpdate' }
[2022-11-12 20:25:52.098] [info] Websocket listening on 46857...
[2022-11-12 20:25:52.116] [info] Set up server listeners with auth (32d5644c031bee74223d5b8ffe5988329e6995f1)...
[2022-11-13 15:36:55.355] [info] { level: 'info', from: 'AssetCache', type: 'checkingForAppUpdate' }
[2022-11-13 15:37:06.040] [info] Websocket listening on 34853...
[2022-11-13 15:37:06.386] [info] Set up server listeners with auth (06f07126925c2a99dd7ae9ea111170ce269852ea)...
[2022-11-13 19:28:21.126] [info] { level: 'info', from: 'AssetCache', type: 'checkingForAppUpdate' }
[2022-11-13 19:28:32.365] [info] Websocket listening on 41811...
[2022-11-13 19:28:32.383] [info] Set up server listeners with auth (63fa65b45153f4801bac53ac147a177c8713b658)...
[2022-11-14 18:16:51.910] [info] { level: 'info', from: 'AssetCache', type: 'checkingForAppUpdate' }
[2022-11-14 18:17:03.069] [info] Websocket listening on 38639...
[2022-11-14 18:17:03.073] [info] Set up server listeners with auth (7aa695be1e49100b00f24343abc882a803b310f3)...
[2022-11-15 19:19:43.706] [info] { level: 'info', from: 'AssetCache', type: 'checkingForAppUpdate' }
[2022-11-15 19:19:56.137] [info] Websocket listening on 38595...
[2022-11-15 19:19:56.142] [info] Set up server listeners with auth (775282426f0f9ffba6c7b9a5bb34f35a6bd704b3)...
[2022-11-16 20:25:56.380] [info] { level: 'info', from: 'AssetCache', type: 'checkingForAppUpdate' }
[2022-11-16 20:26:07.030] [info] Websocket listening on 46111...
[2022-11-16 20:26:07.033] [info] Set up server listeners with auth (f909b7368f9b88c7c98c7f98fa9f0be89cf28855)...
[2022-11-16 21:49:27.453] [info] { level: 'info', from: 'AssetCache', type: 'checkingForAppUpdate' }
[2022-11-16 21:49:39.290] [info] Websocket listening on 34501...
[2022-11-16 21:49:39.298] [info] Set up server listeners with auth (bacd16060f92f2d1ad3f78da2636451946e4d99a)...
[2022-11-17 19:40:47.869] [info] { level: 'info', from: 'AssetCache', type: 'checkingForAppUpdate' }
[2022-11-17 19:40:58.210] [info] Websocket listening on 33843...
[2022-11-17 19:40:58.214] [info] Set up server listeners with auth (d63ea8be6425d137248330b2a4888058d316b13a)...
[2022-11-19 14:16:30.336] [info] { level: 'info', from: 'AssetCache', type: 'checkingForAppUpdate' }
[2022-11-19 14:16:47.269] [info] Websocket listening on 37223...
[2022-11-19 14:16:47.274] [info] Set up server listeners with auth (c98aa2128886d4aea23e7106abde8ca53a8c9681)...
[2022-11-19 20:45:43.571] [info] { level: 'info', from: 'AssetCache', type: 'checkingForAppUpdate' }
[2022-11-19 20:45:56.841] [info] Websocket listening on 38521...
[2022-11-19 20:45:56.844] [info] Set up server listeners with auth (54d82f874ec4ef9d5c046f47a68cda6175c3bf84)...
[2022-11-20 09:05:54.708] [info] { level: 'info', from: 'AssetCache', type: 'checkingForAppUpdate' }
[2022-11-20 09:06:06.183] [info] Websocket listening on 33357...
[2022-11-20 09:06:06.194] [info] Set up server listeners with auth (805117f59fbbb95bca971e49635231f98d1d4f74)...
[2022-11-20 18:13:18.081] [info] { level: 'info', from: 'AssetCache', type: 'checkingForAppUpdate' }
[2022-11-20 18:13:18.772] [info] Websocket listening on 46591...
[2022-11-20 18:13:18.776] [info] Set up server listeners with auth (b944fd55a984b2bccfa95d9feb087f470110d938)...
[2022-11-21 18:08:32.489] [info] { level: 'info', from: 'AssetCache', type: 'checkingForAppUpdate' }
[2022-11-21 18:08:33.174] [info] Websocket listening on 39233...
[2022-11-21 18:08:33.178] [info] Set up server listeners with auth (4c3163315a4821b175b821ca0f1c71920f31b84d)...
[2022-11-22 18:32:26.086] [info] { level: 'info', from: 'AssetCache', type: 'checkingForAppUpdate' }
[2022-11-22 18:32:26.806] [info] Websocket listening on 40459...
[2022-11-22 18:32:26.810] [info] Set up server listeners with auth (6972622902be23aecf770cbc87bab831d8768fae)...
[2022-11-22 19:22:05.966] [info] Responding to SIGTERM and shutting down...
[2022-11-22 21:23:35.240] [info] { level: 'info', from: 'AssetCache', type: 'checkingForAppUpdate' }
[2022-11-22 21:23:35.922] [info] Websocket listening on 46827...
[2022-11-22 21:23:35.925] [info] Set up server listeners with auth (483e921d372e0c5332880e5bd665f8009b92f92d)...
[2022-11-23 19:00:15.808] [info] { level: 'info', from: 'AssetCache', type: 'checkingForAppUpdate' }
[2022-11-23 19:00:16.505] [info] Websocket listening on 34565...
[2022-11-23 19:00:16.509] [info] Set up server listeners with auth (50abbe0ba88bf91612d0405a1fd32ad16ed5e5fa)...
[2022-11-24 11:01:29.851] [info] { level: 'info', from: 'AssetCache', type: 'checkingForAppUpdate' }
[2022-11-24 11:01:30.503] [info] Websocket listening on 42155...
[2022-11-24 11:01:30.506] [info] Set up server listeners with auth (9624b9a105f0ee2f887181944f2323885ef29c6e)...
[2022-11-24 20:03:44.735] [info] { level: 'info', from: 'AssetCache', type: 'checkingForAppUpdate' }
[2022-11-24 20:03:45.362] [info] Websocket listening on 35749...
[2022-11-24 20:03:45.367] [info] Set up server listeners with auth (587fd46f00b9115e979df03c468fddf516848e24)...
[2022-11-26 08:59:15.739] [info] { level: 'info', from: 'AssetCache', type: 'checkingForAppUpdate' }
[2022-11-26 08:59:16.529] [info] Websocket listening on 35559...
[2022-11-26 08:59:16.533] [info] Set up server listeners with auth (c5499320426ec9b8731e512ba8c702365941566c)...
[2022-11-26 12:47:51.549] [info] { level: 'info', from: 'AssetCache', type: 'checkingForAppUpdate' }
[2022-11-26 12:47:52.109] [info] Websocket listening on 34669...
[2022-11-26 12:47:52.113] [info] Set up server listeners with auth (4a4adb2b62953a536ad7e5c74ba717d334338888)...
[2022-11-26 13:08:04.478] [info] { level: 'info', from: 'AssetCache', type: 'checkingForAppUpdate' }
[2022-11-26 13:08:04.970] [info] Websocket listening on 37701...
[2022-11-26 13:08:04.973] [info] Set up server listeners with auth (d3b9319b319c887238c65c111d84fd42f556eef1)...
[2022-11-26 19:49:23.173] [info] { level: 'info', from: 'AssetCache', type: 'checkingForAppUpdate' }
[2022-11-26 19:49:23.933] [info] Websocket listening on 46575...
[2022-11-26 19:49:23.938] [info] Set up server listeners with auth (c25c8a209b038d9fb6db536ba73c0020a49b0853)...
[2022-11-26 22:01:37.899] [info] Responding to SIGTERM and shutting down...
[2022-11-27 08:40:06.372] [info] { level: 'info', from: 'AssetCache', type: 'checkingForAppUpdate' }
[2022-11-27 08:40:07.095] [info] Websocket listening on 38087...
[2022-11-27 08:40:07.099] [info] Set up server listeners with auth (f4a289b3257a6a553545a1297d0c2655c9f7b188)...
[2022-11-27 13:42:55.253] [info] { level: 'info', from: 'AssetCache', type: 'checkingForAppUpdate' }
[2022-11-27 13:42:55.934] [info] Websocket listening on 41425...
[2022-11-27 13:42:55.937] [info] Set up server listeners with auth (90abfd15229ac8b71f9fcf4b2c4cd0f2efb40fa5)...
[2022-11-27 14:41:21.469] [info] Responding to SIGTERM and shutting down...
[2022-11-27 16:18:09.830] [info] { level: 'info', from: 'AssetCache', type: 'checkingForAppUpdate' }
[2022-11-27 16:18:10.488] [info] Websocket listening on 34243...
[2022-11-27 16:18:10.491] [info] Set up server listeners with auth (f7de5c683a301f983d950f157d1eaccadea090aa)...
[2022-11-28 17:55:09.977] [info] { level: 'info', from: 'AssetCache', type: 'checkingForAppUpdate' }
[2022-11-28 17:55:10.679] [info] Websocket listening on 36057...
[2022-11-28 17:55:10.683] [info] Set up server listeners with auth (c1f7e01e6f2e0006d7e85327cbd0789678678983)...
[2022-11-29 14:29:30.782] [info] { level: 'info', from: 'AssetCache', type: 'checkingForAppUpdate' }
[2022-11-29 14:29:31.474] [info] Websocket listening on 39797...
[2022-11-29 14:29:31.477] [info] Set up server listeners with auth (8ff63109084c06895f5a06c71729c9b7fee807bd)...
[2022-11-29 14:03:41.810] [info] { level: 'info', from: 'AssetCache', type: 'checkingForAppUpdate' }
[2022-11-29 14:03:42.327] [info] Websocket listening on 41729...
[2022-11-29 14:03:42.331] [info] Set up server listeners with auth (584e881080c4e16c5f7eaf21bd1ad17de635f8fb)...
[2022-11-30 18:13:52.556] [info] { level: 'info', from: 'AssetCache', type: 'checkingForAppUpdate' }
[2022-11-30 18:13:53.251] [info] Websocket listening on 46575...
[2022-11-30 18:13:53.255] [info] Set up server listeners with auth (fce279579fe3ace3b9716eaf35f02e316bb67984)...
[2022-12-01 19:12:13.183] [info] { level: 'info', from: 'AssetCache', type: 'checkingForAppUpdate' }
[2022-12-01 19:12:13.896] [info] Websocket listening on 41917...
[2022-12-01 19:12:13.900] [info] Set up server listeners with auth (c76001bc62d50a34a78c08057560828d9454fa3e)...
[2022-12-02 19:54:39.486] [info] { level: 'info', from: 'AssetCache', type: 'checkingForAppUpdate' }
[2022-12-02 19:54:40.227] [info] Websocket listening on 33305...
[2022-12-02 19:54:40.230] [info] Set up server listeners with auth (aaeb269eb0e220445c84d97a8e2b5f7d51555327)...
[2022-12-03 10:14:57.886] [info] { level: 'info', from: 'AssetCache', type: 'checkingForAppUpdate' }
[2022-12-03 10:14:58.570] [info] Websocket listening on 36681...
[2022-12-03 10:14:58.574] [info] Set up server listeners with auth (c668c92851c983121620f0bc41d37b3d5ff6abe1)...
[2022-12-03 17:49:27.200] [info] { level: 'info', from: 'AssetCache', type: 'checkingForAppUpdate' }
[2022-12-03 17:49:27.894] [info] Websocket listening on 42609...
[2022-12-03 17:49:27.898] [info] Set up server listeners with auth (9f37318aeddba33528d24f8839d849f3fe281c44)...
[2022-12-04 11:32:45.745] [info] { level: 'info', from: 'AssetCache', type: 'checkingForAppUpdate' }
[2022-12-04 11:32:46.464] [info] Websocket listening on 34383...
[2022-12-04 11:32:46.469] [info] Set up server listeners with auth (96e09fc510f705041e8ecccafb8eb6ef6d43779a)...
[2022-12-04 13:51:50.277] [info] Responding to SIGTERM and shutting down...
[2022-12-04 13:51:54.277] [info] { level: 'info', from: 'AssetCache', type: 'checkingForAppUpdate' }
[2022-12-04 13:51:54.749] [info] Websocket listening on 37981...
[2022-12-04 13:51:54.752] [info] Set up server listeners with auth (89aa87d3a8f85852d9a69f3be5d24c634ef53ccd)...
[2022-12-05 19:59:15.231] [info] { level: 'info', from: 'AssetCache', type: 'checkingForAppUpdate' }
[2022-12-05 19:59:15.978] [info] Websocket listening on 40259...
[2022-12-05 19:59:15.981] [info] Set up server listeners with auth (80acbd0749fa6d7c66e1a3fa52401ebecc177b50)...
[2022-12-05 20:16:01.223] [info] { level: 'info', from: 'AssetCache', type: 'checkingForAppUpdate' }
[2022-12-05 20:16:01.913] [info] Websocket listening on 33373...
[2022-12-05 20:16:01.917] [info] Set up server listeners with auth (c716891a3f34ced89fe38c2e6ef1a7f0ab952300)...
[2022-12-05 20:16:32.171] [info] { level: 'info', from: 'AssetCache', type: 'checkingForAppUpdate' }
[2022-12-06 18:37:11.087] [info] { level: 'info', from: 'AssetCache', type: 'checkingForAppUpdate' }
[2022-12-06 18:37:11.717] [info] Websocket listening on 33875...
[2022-12-06 18:37:11.721] [info] Set up server listeners with auth (99571841b4367a7f2b790b5b5940f0c31c0bc3c9)...
[2022-12-06 21:02:56.709] [info] { level: 'info', from: 'AssetCache', type: 'checkingForAppUpdate' }
[2022-12-06 21:02:57.401] [info] Websocket listening on 39279...
[2022-12-06 21:02:57.405] [info] Set up server listeners with auth (2df34a53b3730f9c5e2de9f1d8e67b6aa4ae6218)...
[2022-12-07 20:46:23.165] [info] { level: 'info', from: 'AssetCache', type: 'checkingForAppUpdate' }
[2022-12-07 20:46:23.861] [info] Websocket listening on 42329...
[2022-12-07 20:46:23.865] [info] Set up server listeners with auth (378fea377b4bee477693004e0fe5ef34cd7ed7a2)...
[2022-12-08 19:17:57.224] [info] { level: 'info', from: 'AssetCache', type: 'checkingForAppUpdate' }
[2022-12-08 19:17:58.035] [info] Websocket listening on 37191...
[2022-12-08 19:17:58.039] [info] Set up server listeners with auth (f0110f2d783704139d2350517221d2bb50072cfd)...
[2022-12-09 18:58:15.683] [info] { level: 'info', from: 'AssetCache', type: 'checkingForAppUpdate' }
[2022-12-09 18:58:16.343] [info] Websocket listening on 34619...
[2022-12-09 18:58:16.346] [info] Set up server listeners with auth (bcde93430e7b4a2df8a590cf2321d9461450bcd4)...
[2022-12-10 10:33:52.293] [info] { level: 'info', from: 'AssetCache', type: 'checkingForAppUpdate' }
[2022-12-10 10:33:53.118] [info] Websocket listening on 35571...
[2022-12-10 10:33:53.124] [info] Set up server listeners with auth (48579ed7d0ff6a90d6c1b1668d44d53e64d0a1b9)...
[2022-12-11 13:19:53.510] [info] { level: 'info', from: 'AssetCache', type: 'checkingForAppUpdate' }
[2022-12-11 13:19:54.303] [info] Websocket listening on 46311...
[2022-12-11 13:19:54.307] [info] Set up server listeners with auth (b57361a0cabe20f4e2c063d621b0e7833a6e1418)...
[2022-12-12 21:02:31.097] [info] { level: 'info', from: 'AssetCache', type: 'checkingForAppUpdate' }
[2022-12-12 21:02:31.802] [info] Websocket listening on 40263...
[2022-12-12 21:02:31.806] [info] Set up server listeners with auth (0442d766c93d2084d8c28e32997de3215316aaa9)...
[2022-12-13 18:51:55.594] [info] { level: 'info', from: 'AssetCache', type: 'checkingForAppUpdate' }
[2022-12-13 18:51:56.278] [info] Websocket listening on 42597...
[2022-12-13 18:51:56.281] [info] Set up server listeners with auth (d792c41d9117897d64967ee88b9dadea6cd671e8)...
[2022-12-16 12:17:13.036] [info] { level: 'info', from: 'AssetCache', type: 'checkingForAppUpdate' }
[2022-12-16 12:17:13.731] [info] Websocket listening on 37979...
[2022-12-16 12:17:13.735] [info] Set up server listeners with auth (82eff60e155cb994b43e9198fe6cb5ddc806792b)...
[2022-12-17 11:04:03.763] [info] { level: 'info', from: 'AssetCache', type: 'checkingForAppUpdate' }
[2022-12-17 11:04:04.563] [info] Websocket listening on 44781...
[2022-12-17 11:04:04.568] [info] Set up server listeners with auth (772a2de3993eba9dc17064883d761f02420a8a3f)...
[2022-12-18 11:47:26.219] [info] { level: 'info', from: 'AssetCache', type: 'checkingForAppUpdate' }
[2022-12-18 11:47:27.103] [info] Websocket listening on 42271...
[2022-12-18 11:47:27.108] [info] Set up server listeners with auth (128a479b3b49df053a0664917746dad117f6fd2a)...
[2022-12-18 22:19:43.958] [info] { level: 'info', from: 'AssetCache', type: 'checkingForAppUpdate' }
[2022-12-18 22:19:44.686] [info] Websocket listening on 35769...
[2022-12-18 22:19:44.690] [info] Set up server listeners with auth (348603c68f3f5480511f56f4ebd12c12aed40ac3)...
[2022-12-19 20:42:08.990] [info] { level: 'info', from: 'AssetCache', type: 'checkingForAppUpdate' }
[2022-12-19 20:42:09.853] [info] Websocket listening on 34963...
[2022-12-19 20:42:09.857] [info] Set up server listeners with auth (357ec6c506d624e9fc78cac1daa3413ca82d85a1)...
[2022-12-20 12:50:11.905] [info] { level: 'info', from: 'AssetCache', type: 'checkingForAppUpdate' }
[2022-12-20 12:50:12.736] [info] Websocket listening on 37771...
[2022-12-20 12:50:12.740] [info] Set up server listeners with auth (5fd5337ebe479d95dfcb27ef8762a9037990840b)...
[2022-12-21 21:57:33.768] [info] { level: 'info', from: 'AssetCache', type: 'checkingForAppUpdate' }
[2022-12-21 21:57:34.741] [info] Websocket listening on 42307...
[2022-12-21 21:57:34.745] [info] Set up server listeners with auth (a46b8e97e63783bb26afdc8692c95e96907c9038)...
[2022-12-22 10:09:42.058] [info] { level: 'info', from: 'AssetCache', type: 'checkingForAppUpdate' }
[2022-12-22 10:09:43.210] [info] Websocket listening on 44297...
[2022-12-22 10:09:43.214] [info] Set up server listeners with auth (751bd41735b8f70fb603b6d2b57f5dd1058662b3)...
[2022-12-23 02:30:07.297] [info] { level: 'info', from: 'AssetCache', type: 'checkingForAppUpdate' }
[2022-12-23 02:30:08.041] [info] Websocket listening on 35071...
[2022-12-23 02:30:08.045] [info] Set up server listeners with auth (8c4d03ac296614f607f6789092dcf5ed0461383e)...
[2022-12-23 19:37:50.855] [info] { level: 'info', from: 'AssetCache', type: 'checkingForAppUpdate' }
[2022-12-23 19:37:51.714] [info] Websocket listening on 46379...
[2022-12-23 19:37:51.718] [info] Set up server listeners with auth (230daacc12b3762b4cebca3c1c74c82162890e23)...
[2022-12-24 17:01:49.050] [info] { level: 'info', from: 'AssetCache', type: 'checkingForAppUpdate' }
[2022-12-24 17:01:49.969] [info] Websocket listening on 39783...
[2022-12-24 17:01:49.973] [info] Set up server listeners with auth (fefedaa4e8e4d93acb29605366cdd6da38e1da49)...
[2022-12-25 10:19:22.997] [info] { level: 'info', from: 'AssetCache', type: 'checkingForAppUpdate' }
[2022-12-25 10:19:23.788] [info] Websocket listening on 37085...
[2022-12-25 10:19:23.792] [info] Set up server listeners with auth (39447c06f812114ae4033e9a035d6ca67733f891)...
[2022-12-25 21:16:34.679] [info] { level: 'info', from: 'AssetCache', type: 'checkingForAppUpdate' }
[2022-12-25 21:16:35.411] [info] Websocket listening on 33629...
[2022-12-25 21:16:35.415] [info] Set up server listeners with auth (39ecd34060115e2a29f2acad65c98e22892703e4)...
[2022-12-26 12:40:43.860] [info] { level: 'info', from: 'AssetCache', type: 'checkingForAppUpdate' }
[2022-12-26 12:40:44.626] [info] Websocket listening on 44199...
[2022-12-26 12:40:44.630] [info] Set up server listeners with auth (13f5a47052ff67dff334c13811608b5085b2ea80)...
[2022-12-26 12:58:23.847] [info] { level: 'info', from: 'AssetCache', type: 'checkingForAppUpdate' }
[2022-12-26 12:58:24.292] [info] Websocket listening on 35271...
[2022-12-26 12:58:24.296] [info] Set up server listeners with auth (d8dd0c74f1fd26c7d6bc69701cef395c3134c542)...
[2022-12-26 23:16:44.456] [info] Responding to SIGTERM and shutting down...
[2022-12-27 10:17:41.931] [info] { level: 'info', from: 'AssetCache', type: 'checkingForAppUpdate' }
[2022-12-27 10:17:42.670] [info] Websocket listening on 38633...
[2022-12-27 10:17:42.674] [info] Set up server listeners with auth (3d7b1262145582421685a2ea3405ce6d91ac291d)...
[2022-12-27 10:18:47.990] [info] Responding to SIGTERM and shutting down...
[2022-12-27 12:20:43.676] [info] { level: 'info', from: 'AssetCache', type: 'checkingForAppUpdate' }
[2022-12-27 12:20:44.479] [info] Websocket listening on 44963...
[2022-12-27 12:20:44.482] [info] Set up server listeners with auth (64d7d292ce6019f4d5cad1dc1f09341ec4efc96f)...
[2022-12-27 12:38:00.824] [info] { level: 'info', from: 'AssetCache', type: 'checkingForAppUpdate' }
[2022-12-27 12:38:01.289] [info] Websocket listening on 44475...
[2022-12-27 12:38:01.293] [info] Set up server listeners with auth (7d43a42bda5632c198257a1bedd92bdc478fc7fb)...
[2022-12-27 18:48:23.864] [info] { level: 'info', from: 'AssetCache', type: 'checkingForAppUpdate' }
[2022-12-27 18:48:24.308] [info] Websocket listening on 33709...
[2022-12-27 18:48:24.312] [info] Set up server listeners with auth (b1aee386812701df96b240c43d7775c8aa164837)...
[2022-12-28 20:10:56.579] [info] { level: 'info', from: 'AssetCache', type: 'checkingForAppUpdate' }
[2022-12-28 20:10:57.366] [info] Websocket listening on 38661...
[2022-12-28 20:10:57.369] [info] Set up server listeners with auth (c6481f7871df1160b993353587ddd1b5bdd4c384)...
[2022-12-29 12:39:01.920] [info] { level: 'info', from: 'AssetCache', type: 'checkingForAppUpdate' }
[2022-12-29 12:39:02.728] [info] Websocket listening on 34241...
[2022-12-29 12:39:02.732] [info] Set up server listeners with auth (ff4bde233924d158fefbbdce371da0b3b9449a45)...
[2022-12-29 22:20:07.803] [info] Responding to SIGTERM and shutting down...
[2022-12-30 09:39:57.171] [info] { level: 'info', from: 'AssetCache', type: 'checkingForAppUpdate' }
[2022-12-30 09:39:58.020] [info] Websocket listening on 40391...
[2022-12-30 09:39:58.023] [info] Set up server listeners with auth (c23dae389d9c17c9929a3b8be781f14ffc6ac535)...
[2022-12-31 13:57:34.519] [info] { level: 'info', from: 'AssetCache', type: 'checkingForAppUpdate' }
[2022-12-31 13:57:35.493] [info] Websocket listening on 36949...
[2022-12-31 13:57:35.497] [info] Set up server listeners with auth (e6b8657d707c1fbca5407f057feafafc9846bada)...
[2022-12-31 17:17:11.456] [info] Responding to SIGTERM and shutting down...
[2023-01-01 17:00:45.945] [info] { level: 'info', from: 'AssetCache', type: 'checkingForAppUpdate' }
[2023-01-01 17:00:46.903] [info] Websocket listening on 41689...
[2023-01-01 17:00:46.906] [info] Set up server listeners with auth (72623116708f0c05535e67d77343c6d45744fa7b)...
[2023-01-01 23:11:16.976] [info] Responding to SIGTERM and shutting down...
[2023-01-02 19:31:44.169] [info] { level: 'info', from: 'AssetCache', type: 'checkingForAppUpdate' }
[2023-01-02 19:31:45.194] [info] Websocket listening on 36891...
[2023-01-02 19:31:45.198] [info] Set up server listeners with auth (38a4e4c0cdf138d6ddaf1ff2607643c708b05345)...
[2023-01-03 15:43:09.102] [info] { level: 'info', from: 'AssetCache', type: 'checkingForAppUpdate' }
[2023-01-03 15:43:09.960] [info] Websocket listening on 43271...
[2023-01-03 15:43:09.964] [info] Set up server listeners with auth (d13f0b1854db5d814a199d94cf711be2570d2d62)...
[2023-01-04 19:45:28.053] [info] { level: 'info', from: 'AssetCache', type: 'checkingForAppUpdate' }
[2023-01-04 19:45:28.969] [info] Websocket listening on 33705...
[2023-01-04 19:45:28.973] [info] Set up server listeners with auth (d1be9a2f58b1af3c3e9d7d60532e42a329591e0b)...
[2023-01-05 15:38:01.960] [info] { level: 'info', from: 'AssetCache', type: 'checkingForAppUpdate' }
[2023-01-05 15:38:02.891] [info] Websocket listening on 36761...
[2023-01-05 15:38:02.895] [info] Set up server listeners with auth (0c9e63d4820496be0d3a29f219bed558e3186f1a)...
[2023-01-05 17:50:16.403] [info] Responding to SIGTERM and shutting down...
[2023-01-05 17:50:19.090] [info] { level: 'info', from: 'AssetCache', type: 'checkingForAppUpdate' }
[2023-01-05 17:50:19.592] [info] Websocket listening on 46391...
[2023-01-05 17:50:19.596] [info] Set up server listeners with auth (0523154f90479317bc55cc9df1518dd706b77932)...
[2023-01-06 10:57:03.609] [info] { level: 'info', from: 'AssetCache', type: 'checkingForAppUpdate' }
[2023-01-06 10:57:05.034] [info] Websocket listening on 34793...
[2023-01-06 10:57:05.038] [info] Set up server listeners with auth (a12f12ab45ab81c69169a53ba252cf7a7bde8de9)...
[2023-01-06 11:05:22.328] [info] Responding to SIGTERM and shutting down...
[2023-01-06 11:08:10.978] [info] { level: 'info', from: 'AssetCache', type: 'checkingForAppUpdate' }
[2023-01-06 11:08:11.459] [info] Websocket listening on 32893...
[2023-01-06 11:08:11.463] [info] Set up server listeners with auth (3a9a8d179a288e9a77739fb5d7648486fa653f1f)...
[2023-01-07 13:00:05.198] [info] { level: 'info', from: 'AssetCache', type: 'checkingForAppUpdate' }
[2023-01-07 13:00:06.175] [info] Websocket listening on 46861...
[2023-01-07 13:00:06.179] [info] Set up server listeners with auth (b1cf16d809672717c16ce2e2b3287e83abb6e062)...
[2023-01-07 13:07:36.218] [info] { level: 'info', from: 'AssetCache', type: 'checkingForAppUpdate' }
[2023-01-07 13:07:37.224] [info] Websocket listening on 38493...
[2023-01-07 13:07:37.228] [info] Set up server listeners with auth (3ef771d234eb77c4b5c0229be10620cac4387da3)...
[2023-01-07 16:22:10.805] [info] { level: 'info', from: 'AssetCache', type: 'checkingForAppUpdate' }
[2023-01-07 16:22:11.695] [info] Websocket listening on 33343...
[2023-01-07 16:22:11.698] [info] Set up server listeners with auth (22fc4ec2936d75bde934b305dc8c4c4a9c8aad1c)...
[2023-01-07 23:34:02.141] [info] Responding to SIGTERM and shutting down...
[2023-01-07 23:34:08.859] [info] { level: 'info', from: 'AssetCache', type: 'checkingForAppUpdate' }
[2023-01-07 23:34:09.329] [info] Websocket listening on 46263...
[2023-01-07 23:34:09.332] [info] Set up server listeners with auth (5d6b82507b061514baef0b13d070cd10a0eb3fe0)...
[2023-01-07 23:34:40.993] [info] Responding to SIGTERM and shutting down...
[2023-01-08 11:21:57.389] [info] { level: 'info', from: 'AssetCache', type: 'checkingForAppUpdate' }
[2023-01-08 11:21:58.348] [info] Websocket listening on 44209...
[2023-01-08 11:21:58.351] [info] Set up server listeners with auth (73d35da5611e24bed185fe8cfa8de27e3c5d5677)...
[2023-01-09 23:31:50.465] [info] { level: 'info', from: 'AssetCache', type: 'checkingForAppUpdate' }
[2023-01-09 17:31:51.106] [info] Websocket listening on 42705...
[2023-01-09 17:31:51.110] [info] Set up server listeners with auth (c277fbf328c454cd50a7315934cc6dde5328a15d)...
[2023-01-09 18:56:23.632] [info] { level: 'info', from: 'AssetCache', type: 'checkingForAppUpdate' }
[2023-01-09 18:56:24.657] [info] Websocket listening on 45023...
[2023-01-09 18:56:24.660] [info] Set up server listeners with auth (15dacd954a95af1b10dcbfe5e4889ec62c829544)...
[2023-01-10 20:39:27.267] [info] { level: 'info', from: 'AssetCache', type: 'checkingForAppUpdate' }
[2023-01-10 20:39:28.440] [info] Websocket listening on 44993...
[2023-01-10 20:39:28.444] [info] Set up server listeners with auth (6698260333392071dd07309d43429a72f25f7a22)...
[2023-01-11 19:50:24.393] [info] { level: 'info', from: 'AssetCache', type: 'checkingForAppUpdate' }
[2023-01-11 19:50:25.505] [info] Websocket listening on 42579...
[2023-01-11 19:50:25.509] [info] Set up server listeners with auth (48df2a137754cb4b11c48d61abd3aa49e1f6f7b2)...
[2023-01-11 19:54:58.599] [info] Responding to SIGTERM and shutting down...
[2023-01-11 19:55:00.507] [info] { level: 'info', from: 'AssetCache', type: 'checkingForAppUpdate' }
[2023-01-11 19:55:01.051] [info] Websocket listening on 38411...
[2023-01-11 19:55:01.055] [info] Set up server listeners with auth (d4074bba945864ea020251dddda61d736ae3a422)...
[2023-01-11 20:42:23.080] [info] { level: 'info', from: 'AssetCache', type: 'checkingForAppUpdate' }
[2023-01-11 20:42:24.028] [info] Websocket listening on 33971...
[2023-01-11 20:42:24.031] [info] Set up server listeners with auth (a6690ae1a3f897b9953313b5e2e0758e7aba1a91)...
[2023-01-12 20:52:58.211] [info] { level: 'info', from: 'AssetCache', type: 'checkingForAppUpdate' }
[2023-01-12 20:52:59.188] [info] Websocket listening on 37743...
[2023-01-12 20:52:59.192] [info] Set up server listeners with auth (2986659c947caedb7b5d0ab15f8e4a042f05f6c6)...
[2023-01-12 22:11:55.567] [info] Responding to SIGTERM and shutting down...
[2023-01-13 15:11:46.509] [info] { level: 'info', from: 'AssetCache', type: 'checkingForAppUpdate' }
[2023-01-13 15:11:47.420] [info] Websocket listening on 45051...
[2023-01-13 15:11:47.424] [info] Set up server listeners with auth (c42e7c158e53b759859ea49e420c889e35626d7b)...
[2023-01-14 18:31:31.115] [info] { level: 'info', from: 'AssetCache', type: 'checkingForAppUpdate' }
[2023-01-14 18:31:32.252] [info] Websocket listening on 43355...
[2023-01-14 18:31:32.256] [info] Set up server listeners with auth (1e4ffb6f30a2bae3accffa3e7079fc446858ae3a)...
[2023-01-15 12:50:26.386] [info] { level: 'info', from: 'AssetCache', type: 'checkingForAppUpdate' }
[2023-01-15 12:50:27.924] [info] Websocket listening on 39673...
[2023-01-15 12:50:27.928] [info] Set up server listeners with auth (78bae6c3aa7f2b2c0ccf8eef1dab6e51ebdabc17)...
[2023-01-15 20:11:41.671] [info] Responding to SIGTERM and shutting down...
[2023-01-16 18:33:41.677] [info] { level: 'info', from: 'AssetCache', type: 'checkingForAppUpdate' }
[2023-01-16 18:33:42.617] [info] Websocket listening on 45079...
[2023-01-16 18:33:42.622] [info] Set up server listeners with auth (ebb3353837dcb5977d84f7252422e6ca30bea105)...
[2023-01-16 22:01:24.613] [info] Responding to SIGTERM and shutting down...
[2023-01-17 20:03:49.034] [info] { level: 'info', from: 'AssetCache', type: 'checkingForAppUpdate' }
[2023-01-17 20:03:50.174] [info] Websocket listening on 42569...
[2023-01-17 20:03:50.178] [info] Set up server listeners with auth (ca4f91ca50c2a65723de1c8cb4bb5b407d80d965)...
[2023-01-17 21:14:32.226] [info] { level: 'info', from: 'AssetCache', type: 'checkingForAppUpdate' }
[2023-01-17 21:14:33.620] [info] Websocket listening on 40575...
[2023-01-17 21:14:33.623] [info] Set up server listeners with auth (eb9d139aab9f2903ffa4c570448c2bc5ee833d68)...
[2023-01-17 22:00:31.348] [info] Responding to SIGTERM and shutting down...
[2023-01-18 20:21:36.784] [info] { level: 'info', from: 'AssetCache', type: 'checkingForAppUpdate' }
[2023-01-18 20:21:37.819] [info] Websocket listening on 43065...
[2023-01-18 20:21:37.822] [info] Set up server listeners with auth (0e9f6a53ef1978cb93e6a4f894d687b80559b084)...
[2023-01-18 22:01:48.659] [info] Responding to SIGTERM and shutting down...
[2023-01-20 13:10:42.542] [info] { level: 'info', from: 'AssetCache', type: 'checkingForAppUpdate' }
[2023-01-20 13:10:43.825] [info] Websocket listening on 38675...
[2023-01-20 13:10:43.829] [info] Set up server listeners with auth (a1a81a5ba8eda15bc38236b8493c6880635b511b)...
[2023-01-21 15:01:10.217] [info] { level: 'info', from: 'AssetCache', type: 'checkingForAppUpdate' }
[2023-01-21 15:01:11.559] [info] Websocket listening on 37911...
[2023-01-21 15:01:11.562] [info] Set up server listeners with auth (a62b47e2d4f403918de4eb25205d781a88eab3ed)...
[2023-01-22 11:36:35.082] [info] { level: 'info', from: 'AssetCache', type: 'checkingForAppUpdate' }
[2023-01-22 11:36:36.261] [info] Websocket listening on 36127...
[2023-01-22 11:36:36.265] [info] Set up server listeners with auth (a450bc1e91a9d4f08b77db78fbdbd9745c07b2c1)...
[2023-01-22 18:06:29.580] [info] { level: 'info', from: 'AssetCache', type: 'checkingForAppUpdate' }
[2023-01-22 18:06:30.710] [info] Websocket listening on 37797...
[2023-01-22 18:06:30.713] [info] Set up server listeners with auth (5c84121d6e3c770e5312250828a043a1372de206)...
[2023-01-23 19:14:32.552] [info] { level: 'info', from: 'AssetCache', type: 'checkingForAppUpdate' }
[2023-01-23 19:14:33.542] [info] Websocket listening on 43437...
[2023-01-23 19:14:33.546] [info] Set up server listeners with auth (9786d907bf69bc852ed082a21adb0b2d52213bef)...
[2023-01-23 21:47:09.144] [info] Responding to SIGTERM and shutting down...
[2023-01-24 18:32:56.653] [info] { level: 'info', from: 'AssetCache', type: 'checkingForAppUpdate' }
[2023-01-24 18:32:57.988] [info] Websocket listening on 34251...
[2023-01-24 18:32:57.992] [info] Set up server listeners with auth (b5c070de3ae2d3212e4ecd8af8c5a2a5bfee44b9)...
[2023-01-25 10:35:29.781] [info] { level: 'info', from: 'AssetCache', type: 'checkingForAppUpdate' }
[2023-01-25 10:35:30.960] [info] Websocket listening on 45371...
[2023-01-25 10:35:30.963] [info] Set up server listeners with auth (0a0bab2cc35223872df795af24b14c63a5645423)...
[2023-01-25 11:49:46.485] [info] { level: 'info', from: 'AssetCache', type: 'checkingForAppUpdate' }
[2023-01-25 11:49:47.581] [info] Websocket listening on 32871...
[2023-01-25 11:49:47.586] [info] Set up server listeners with auth (4bff08e5cad54a1785621826c1f4e6a8a3bc5044)...
[2023-01-25 16:06:25.014] [info] { level: 'info', from: 'AssetCache', type: 'checkingForAppUpdate' }
[2023-01-25 16:06:26.058] [info] Websocket listening on 45551...
[2023-01-25 16:06:26.061] [info] Set up server listeners with auth (54138f0ef848c347e69b8b907357e127e3567cc2)...
[2023-01-26 16:16:22.667] [info] { level: 'info', from: 'AssetCache', type: 'checkingForAppUpdate' }
[2023-01-26 16:16:23.797] [info] Websocket listening on 40773...
[2023-01-26 16:16:23.801] [info] Set up server listeners with auth (19ed2d74891ca12c527d4d9f6e2281c80384fc5c)...
[2023-01-26 21:30:10.340] [info] Responding to SIGTERM and shutting down...
[2023-01-27 20:15:36.227] [info] { level: 'info', from: 'AssetCache', type: 'checkingForAppUpdate' }
[2023-01-27 20:15:37.747] [info] Websocket listening on 35807...
[2023-01-27 20:15:37.751] [info] Set up server listeners with auth (674f6122177cc9391638e97d701e5034ba2a0a4f)...
[2023-01-27 22:06:29.664] [info] Responding to SIGTERM and shutting down...
[2023-01-27 22:06:34.007] [info] { level: 'info', from: 'AssetCache', type: 'checkingForAppUpdate' }
[2023-01-27 22:06:34.465] [info] Websocket listening on 34387...
[2023-01-27 22:06:34.469] [info] Set up server listeners with auth (4c348a73d175f47890419349e08194c4a0d49314)...
[2023-01-27 22:07:31.143] [info] Responding to SIGTERM and shutting down...
[2023-01-28 17:00:45.857] [info] { level: 'info', from: 'AssetCache', type: 'checkingForAppUpdate' }
[2023-01-28 17:00:47.088] [info] Websocket listening on 42781...
[2023-01-28 17:00:47.092] [info] Set up server listeners with auth (eb9dcc9b134ad8a7f21959e136c8f81e936716d9)...
[2023-01-28 18:07:39.655] [info] Responding to SIGTERM and shutting down...
[2023-01-29 22:29:18.592] [info] { level: 'info', from: 'AssetCache', type: 'checkingForAppUpdate' }
[2023-01-29 22:29:19.883] [info] Websocket listening on 34201...
[2023-01-29 22:29:19.886] [info] Set up server listeners with auth (75f923d486e54cba25efc0fbf8e602e817a1322c)...
[2023-01-30 18:20:26.898] [info] { level: 'info', from: 'AssetCache', type: 'checkingForAppUpdate' }
[2023-01-30 18:20:28.065] [info] Websocket listening on 46333...
[2023-01-30 18:20:28.068] [info] Set up server listeners with auth (6bbc9401a91f218b1030df157a7e5bfc773dd591)...
[2023-01-30 21:01:14.342] [info] Responding to SIGTERM and shutting down...
[2023-01-31 17:03:38.063] [info] { level: 'info', from: 'AssetCache', type: 'checkingForAppUpdate' }
[2023-01-31 17:03:40.235] [info] Websocket listening on 40331...
[2023-01-31 17:03:40.239] [info] Set up server listeners with auth (7ff0ef40812913112b7dedc12c0aae0fd0efad84)...
[2023-01-31 21:40:24.696] [info] Responding to SIGTERM and shutting down...
[2023-02-01 18:50:47.314] [info] { level: 'info', from: 'AssetCache', type: 'checkingForAppUpdate' }
[2023-02-01 18:50:48.548] [info] Websocket listening on 33005...
[2023-02-01 18:50:48.551] [info] Set up server listeners with auth (e00e0aa6d501e9bc7c07c1b20d3367112e4e9d55)...
[2023-02-01 21:14:59.942] [info] Responding to SIGTERM and shutting down...
[2023-02-04 17:53:06.766] [info] { level: 'info', from: 'AssetCache', type: 'checkingForAppUpdate' }
[2023-02-04 17:53:08.450] [info] Websocket listening on 40849...
[2023-02-04 17:53:08.453] [info] Set up server listeners with auth (fd1bfe03352f41cfa4f1bf63520cd9982bf5d3c5)...
[2023-02-09 02:18:52.409] [info] { level: 'info', from: 'AssetCache', type: 'checkingForAppUpdate' }
[2023-02-08 20:18:53.806] [info] Websocket listening on 42081...
[2023-02-08 20:18:53.810] [info] Set up server listeners with auth (b5a5aa0e4d981e22f36ff0f743eeff1087490212)...
[2023-02-08 21:29:28.418] [info] Responding to SIGTERM and shutting down...
[2023-02-09 19:27:47.156] [info] { level: 'info', from: 'AssetCache', type: 'checkingForAppUpdate' }
[2023-02-09 19:27:48.190] [info] Websocket listening on 40075...
[2023-02-09 19:27:48.194] [info] Set up server listeners with auth (9780ffce9c0f5e60014316cc376b6dc015c87896)...
[2023-02-10 22:13:28.427] [info] { level: 'info', from: 'AssetCache', type: 'checkingForAppUpdate' }
[2023-02-10 22:13:29.538] [info] Websocket listening on 33765...
[2023-02-10 22:13:29.543] [info] Set up server listeners with auth (652ce8830775dca9f8c48ac590381f78db1ff946)...
[2023-02-10 21:47:15.831] [info] Responding to SIGTERM and shutting down...
[2023-02-11 09:57:41.211] [info] { level: 'info', from: 'AssetCache', type: 'checkingForAppUpdate' }
[2023-02-11 09:57:42.440] [info] Websocket listening on 38097...
[2023-02-11 09:57:42.444] [info] Set up server listeners with auth (26bba6716fc7dd960e224ebe7c1681e8985218fe)...
[2023-02-11 12:38:12.156] [info] Responding to SIGTERM and shutting down...
[2023-02-11 14:52:59.134] [info] { level: 'info', from: 'AssetCache', type: 'checkingForAppUpdate' }
[2023-02-11 14:53:00.213] [info] Websocket listening on 33399...
[2023-02-11 14:53:00.217] [info] Set up server listeners with auth (159cb98817839c53430ff9c7d6525c849b5bd0b8)...
[2023-02-11 20:44:57.039] [info] { level: 'info', from: 'AssetCache', type: 'checkingForAppUpdate' }
[2023-02-11 20:44:58.250] [info] Websocket listening on 42495...
[2023-02-11 20:44:58.254] [info] Set up server listeners with auth (bd6b84db7c62c171463d296c7628059f9efe6b1f)...
[2023-02-12 16:26:07.304] [info] { level: 'info', from: 'AssetCache', type: 'checkingForAppUpdate' }
[2023-02-12 16:26:08.471] [info] Websocket listening on 44307...
[2023-02-12 16:26:08.475] [info] Set up server listeners with auth (ba69cca3f05ff15c4ccff4de91952dba94575fcb)...
[2023-02-12 16:26:15.248] [info] { level: 'info', from: 'AssetCache', type: 'checkingForAppUpdate' }
[2023-02-12 22:01:00.620] [info] Responding to SIGTERM and shutting down...
[2023-02-13 21:06:30.150] [info] { level: 'info', from: 'AssetCache', type: 'checkingForAppUpdate' }
[2023-02-13 21:06:31.243] [info] Websocket listening on 35891...
[2023-02-13 21:06:31.248] [info] Set up server listeners with auth (ecd95f7fe6266a00f135ec224eb1b03d651c5697)...
[2023-02-13 21:53:13.997] [info] Responding to SIGTERM and shutting down...
[2023-02-15 17:33:59.442] [info] { level: 'info', from: 'AssetCache', type: 'checkingForAppUpdate' }
[2023-02-15 17:34:00.504] [info] Websocket listening on 38045...
[2023-02-15 17:34:00.508] [info] Set up server listeners with auth (4a64a468b27a53e021de291719ff127e9286bb35)...
[2023-02-15 21:03:23.632] [info] Responding to SIGTERM and shutting down...
[2023-02-16 20:55:12.609] [info] { level: 'info', from: 'AssetCache', type: 'checkingForAppUpdate' }
[2023-02-16 20:55:13.979] [info] Websocket listening on 38637...
[2023-02-16 20:55:13.982] [info] Set up server listeners with auth (911e8ac1770dcff67e7cb2a8d269a621c2ccbe91)...
[2023-02-16 22:19:08.340] [info] Responding to SIGTERM and shutting down...
[2023-02-17 19:57:15.545] [info] { level: 'info', from: 'AssetCache', type: 'checkingForAppUpdate' }
[2023-02-17 19:57:17.234] [info] Websocket listening on 38865...
[2023-02-17 19:57:17.238] [info] Set up server listeners with auth (39987bc445703c3ad94e5c5cc03142af0113de47)...
[2023-02-17 20:46:58.629] [info] Responding to SIGTERM and shutting down...
[2023-02-18 09:57:44.484] [info] { level: 'info', from: 'AssetCache', type: 'checkingForAppUpdate' }
[2023-02-18 09:57:45.767] [info] Websocket listening on 45861...
[2023-02-18 09:57:45.771] [info] Set up server listeners with auth (bd764c4c991c7cde98099318fe951babd693a977)...
[2023-02-19 10:28:52.161] [info] { level: 'info', from: 'AssetCache', type: 'checkingForAppUpdate' }
[2023-02-19 10:28:53.183] [info] Websocket listening on 42061...
[2023-02-19 10:28:53.187] [info] Set up server listeners with auth (4de2b7c8674f0b4cd2a0f7f05408b99e2c4a12b7)...
[2023-02-19 16:12:25.802] [info] Responding to SIGTERM and shutting down...
[2023-02-19 16:12:28.125] [info] { level: 'info', from: 'AssetCache', type: 'checkingForAppUpdate' }
[2023-02-19 16:12:28.607] [info] Websocket listening on 41789...
[2023-02-19 16:12:28.611] [info] Set up server listeners with auth (04ba9aa9101c2c44d51068bd6e39b948ec6f07df)...
[2023-02-19 16:12:53.353] [info] Responding to SIGTERM and shutting down...
[2023-02-19 18:02:14.521] [info] { level: 'info', from: 'AssetCache', type: 'checkingForAppUpdate' }
[2023-02-19 18:02:15.615] [info] Websocket listening on 36101...
[2023-02-19 18:02:15.618] [info] Set up server listeners with auth (47f8bf04f08dc2df120a2ec9c09ae0cdb0c7f8cd)...
[2023-02-19 21:17:57.633] [info] Responding to SIGTERM and shutting down...
[2023-02-20 18:51:23.962] [info] { level: 'info', from: 'AssetCache', type: 'checkingForAppUpdate' }
[2023-02-20 18:51:25.216] [info] Websocket listening on 42581...
[2023-02-20 18:51:25.221] [info] Set up server listeners with auth (20f3def24b114b665d7f9dac5aaa1a4cf92ecc21)...
[2023-02-20 21:18:47.704] [info] { level: 'info', from: 'AssetCache', type: 'checkingForAppUpdate' }
[2023-02-20 21:18:48.963] [info] Websocket listening on 45717...
[2023-02-20 21:18:48.967] [info] Set up server listeners with auth (2a5e2465b714a933fbb25d8f64ecdebbd7365145)...
[2023-02-20 21:39:45.078] [info] Responding to SIGTERM and shutting down...
[2023-02-21 17:04:17.915] [info] { level: 'info', from: 'AssetCache', type: 'checkingForAppUpdate' }
[2023-02-21 17:04:19.326] [info] Websocket listening on 38499...
[2023-02-21 17:04:19.330] [info] Set up server listeners with auth (2dfa76ad6c5000a1691ca91b1a873ebdb3957e02)...
[2023-02-21 19:56:05.443] [info] Responding to SIGTERM and shutting down...
[2023-02-21 20:37:21.714] [info] { level: 'info', from: 'AssetCache', type: 'checkingForAppUpdate' }
[2023-02-21 20:37:22.902] [info] Websocket listening on 33313...
[2023-02-21 20:37:22.906] [info] Set up server listeners with auth (1106347b0ec82919066caeddc84a29d73456ca96)...
[2023-02-21 22:02:37.339] [info] Responding to SIGTERM and shutting down...
[2023-02-22 18:53:27.456] [info] { level: 'info', from: 'AssetCache', type: 'checkingForAppUpdate' }
[2023-02-22 18:53:28.957] [info] Websocket listening on 34003...
[2023-02-22 18:53:28.961] [info] Set up server listeners with auth (9f74cdd7360993594c241846a769a0a1fd40e974)...
[2023-02-22 20:41:10.987] [info] Responding to SIGTERM and shutting down...
[2023-02-23 18:34:03.442] [info] { level: 'info', from: 'AssetCache', type: 'checkingForAppUpdate' }
[2023-02-23 18:34:04.744] [info] Websocket listening on 46363...
[2023-02-23 18:34:04.749] [info] Set up server listeners with auth (9fb0f44e1a919becef819f843f02cb7a8d33b098)...
[2023-02-23 20:58:35.769] [info] Responding to SIGTERM and shutting down...
[2023-02-25 02:37:22.457] [info] { level: 'info', from: 'AssetCache', type: 'checkingForAppUpdate' }
[2023-02-25 02:37:23.714] [info] Websocket listening on 43979...
[2023-02-25 02:37:23.718] [info] Set up server listeners with auth (c7656e4515736d87e008c299cab6ac1a872fd2da)...
[2023-02-24 21:55:12.447] [info] Responding to SIGTERM and shutting down...
[2023-02-25 12:06:40.543] [info] { level: 'info', from: 'AssetCache', type: 'checkingForAppUpdate' }
[2023-02-25 12:06:41.985] [info] Websocket listening on 38305...
[2023-02-25 12:06:41.989] [info] Set up server listeners with auth (bb65fc7161f5cb373ebe7a9f9903a66d4cc6392c)...
[2023-02-25 15:05:33.771] [info] Responding to SIGTERM and shutting down...
[2023-02-25 15:05:37.989] [info] { level: 'info', from: 'AssetCache', type: 'checkingForAppUpdate' }
[2023-02-25 15:05:38.454] [info] Websocket listening on 46127...
[2023-02-25 15:05:38.458] [info] Set up server listeners with auth (8d1d61af8257a54be8f4a6636b055a2414622dcb)...
[2023-02-25 19:29:01.690] [info] Responding to SIGTERM and shutting down...
[2023-02-26 16:23:03.376] [info] { level: 'info', from: 'AssetCache', type: 'checkingForAppUpdate' }
[2023-02-26 16:23:04.561] [info] Websocket listening on 39787...
[2023-02-26 16:23:04.565] [info] Set up server listeners with auth (f520a753c95d1d00c63e645d57b0d5179ca2908d)...
[2023-02-26 12:31:38.004] [info] Responding to SIGTERM and shutting down...
[2023-02-26 14:26:48.454] [info] { level: 'info', from: 'AssetCache', type: 'checkingForAppUpdate' }
[2023-02-26 14:26:49.664] [info] Websocket listening on 33103...
[2023-02-26 14:26:49.668] [info] Set up server listeners with auth (770207aa43b51d530c97bd3abe1573fdc4f3712b)...
[2023-02-26 16:50:42.139] [info] Responding to SIGTERM and shutting down...
[2023-02-26 17:21:48.908] [info] { level: 'info', from: 'AssetCache', type: 'checkingForAppUpdate' }
[2023-02-26 17:21:50.200] [info] Websocket listening on 42367...
[2023-02-26 17:21:50.204] [info] Set up server listeners with auth (d92f022a5e33908e453f4d43ccf7502a4f29d835)...
[2023-02-26 18:34:36.086] [info] Responding to SIGTERM and shutting down...
[2023-02-27 16:45:54.638] [info] { level: 'info', from: 'AssetCache', type: 'checkingForAppUpdate' }
[2023-02-27 16:45:55.877] [info] Websocket listening on 43017...
[2023-02-27 16:45:55.882] [info] Set up server listeners with auth (66cbcd1bee9e9698fd0ae6bb7c8a690a4a0066f0)...
[2023-02-27 19:17:24.175] [info] Responding to SIGTERM and shutting down...
[2023-02-28 02:31:11.003] [info] { level: 'info', from: 'AssetCache', type: 'checkingForAppUpdate' }
[2023-02-27 20:31:12.922] [info] Websocket listening on 45801...
[2023-02-27 20:31:12.926] [info] Set up server listeners with auth (4fe8dacc2eddc30347ba919f42605590a7e586fb)...
[2023-02-27 21:45:27.342] [info] Responding to SIGTERM and shutting down...
[2023-02-28 18:27:09.026] [info] { level: 'info', from: 'AssetCache', type: 'checkingForAppUpdate' }
[2023-02-28 18:27:10.238] [info] Websocket listening on 42417...
[2023-02-28 18:27:10.242] [info] Set up server listeners with auth (8dd8fcd78dbf4dc1fa794d8d5085370dd452d507)...
[2023-02-28 20:22:28.684] [info] Responding to SIGTERM and shutting down...
[2023-02-28 20:22:31.395] [info] { level: 'info', from: 'AssetCache', type: 'checkingForAppUpdate' }
[2023-02-28 20:22:31.871] [info] Websocket listening on 43773...
[2023-02-28 20:22:31.874] [info] Set up server listeners with auth (f9251d8a7e28c141ea1cbaa43c7d086d25212ed3)...
[2023-02-28 20:22:53.817] [info] Responding to SIGTERM and shutting down...
[2023-02-28 21:49:00.366] [info] { level: 'info', from: 'AssetCache', type: 'checkingForAppUpdate' }
[2023-02-28 21:49:01.550] [info] Websocket listening on 45389...
[2023-02-28 21:49:01.554] [info] Set up server listeners with auth (1979e336fdcce3bd3ff6bfdfd69e61b4d681e01e)...
[2023-02-28 21:53:17.077] [info] Responding to SIGTERM and shutting down...
[2023-03-01 17:42:06.541] [info] { level: 'info', from: 'AssetCache', type: 'checkingForAppUpdate' }
[2023-03-01 17:42:08.131] [info] Websocket listening on 45755...
[2023-03-01 17:42:08.134] [info] Set up server listeners with auth (15d6cd6d1dab627f2398f2098ee7bdb028794c30)...
[2023-03-01 22:02:46.799] [info] Responding to SIGTERM and shutting down...
[2023-03-02 08:53:51.009] [info] { level: 'info', from: 'AssetCache', type: 'checkingForAppUpdate' }
[2023-03-02 08:53:52.485] [info] Websocket listening on 42275...
[2023-03-02 08:53:52.488] [info] Set up server listeners with auth (376908a99f6e55440a8f72e3e08dec82bfb8aa0d)...
[2023-03-02 11:25:32.948] [info] Responding to SIGTERM and shutting down...
[2023-03-02 11:32:54.048] [info] { level: 'info', from: 'AssetCache', type: 'checkingForAppUpdate' }
[2023-03-02 11:32:54.514] [info] Websocket listening on 35779...
[2023-03-02 11:32:54.518] [info] Set up server listeners with auth (2456b8a9202219d720dc443a80b8a8c90cbbec77)...
[2023-03-02 13:52:11.438] [info] Responding to SIGTERM and shutting down...
[2023-03-03 08:47:56.605] [info] { level: 'info', from: 'AssetCache', type: 'checkingForAppUpdate' }
[2023-03-03 08:47:57.924] [info] Websocket listening on 34401...
[2023-03-03 08:47:57.927] [info] Set up server listeners with auth (062f86c3a8d7bb4d2b172976504c1a4304e2b665)...
[2023-03-03 12:07:38.222] [info] Responding to SIGTERM and shutting down...
[2023-03-03 12:08:29.289] [info] { level: 'info', from: 'AssetCache', type: 'checkingForAppUpdate' }
[2023-03-03 12:08:29.806] [info] Websocket listening on 34511...
[2023-03-03 12:08:29.811] [info] Set up server listeners with auth (1544d38aefc74969a7543895e6befbde3f712a4e)...
[2023-03-03 13:17:49.960] [info] Responding to SIGTERM and shutting down...
[2023-03-03 16:15:16.000] [info] { level: 'info', from: 'AssetCache', type: 'checkingForAppUpdate' }
[2023-03-03 16:15:17.578] [info] Websocket listening on 34127...
[2023-03-03 16:15:17.582] [info] Set up server listeners with auth (0d93ec4a2e9c3ed8b7151f99118fe5aa9a78e48a)...
[2023-03-03 16:19:09.384] [info] { level: 'info', from: 'AssetCache', type: 'checkingForAppUpdate' }
[2023-03-03 16:19:11.009] [info] Websocket listening on 39579...
[2023-03-03 16:19:11.013] [info] Set up server listeners with auth (e7344e1a5226de63a02c113aa93cf9a80f6f4b35)...
[2023-03-03 20:06:16.296] [info] { level: 'info', from: 'AssetCache', type: 'checkingForAppUpdate' }
[2023-03-03 20:06:17.508] [info] Websocket listening on 43025...
[2023-03-03 20:06:17.512] [info] Set up server listeners with auth (d40427ba19e3e5bb170fd9d59c40e645d021fdda)...
[2023-03-03 20:16:14.124] [info] { level: 'info', from: 'AssetCache', type: 'checkingForAppUpdate' }
[2023-03-03 20:16:15.575] [info] Websocket listening on 42503...
[2023-03-03 20:16:15.579] [info] Set up server listeners with auth (646b32964bb8cd4a4d1c9809a43d3d44a724e64e)...
[2023-03-03 22:16:10.263] [info] Responding to SIGTERM and shutting down...
[2023-03-04 09:57:33.795] [info] { level: 'info', from: 'AssetCache', type: 'checkingForAppUpdate' }
[2023-03-04 09:57:34.945] [info] Websocket listening on 39303...
[2023-03-04 09:57:34.949] [info] Set up server listeners with auth (352b05ab0695a5c9b51712712d870b0785966e87)...
[2023-03-04 11:59:43.675] [info] Responding to SIGTERM and shutting down...
[2023-03-04 15:00:16.157] [info] { level: 'info', from: 'AssetCache', type: 'checkingForAppUpdate' }
[2023-03-04 15:00:17.205] [info] Websocket listening on 36169...
[2023-03-04 15:00:17.210] [info] Set up server listeners with auth (3e0e525732e92c9698d808ab1ebd91d4c723b481)...
[2023-03-04 15:10:01.540] [info] Responding to SIGTERM and shutting down...
[2023-03-04 15:10:27.377] [info] { level: 'info', from: 'AssetCache', type: 'checkingForAppUpdate' }
[2023-03-04 15:10:27.886] [info] Websocket listening on 42041...
[2023-03-04 15:10:27.889] [info] Set up server listeners with auth (2d94f5a217c50a40df0b1ccc147a358d46537fca)...
[2023-03-04 19:23:26.776] [info] { level: 'info', from: 'AssetCache', type: 'checkingForAppUpdate' }
[2023-03-04 19:23:27.452] [info] Websocket listening on 45449...
[2023-03-04 19:23:27.458] [info] Set up server listeners with auth (7fdd3c3f73c623512af99eb9ccc4c8e5d4c43fce)...
[2023-03-04 19:38:08.216] [info] Responding to SIGTERM and shutting down...
[2023-03-05 17:05:14.820] [info] { level: 'info', from: 'AssetCache', type: 'checkingForAppUpdate' }
[2023-03-05 17:05:15.972] [info] Websocket listening on 34251...
[2023-03-05 17:05:15.976] [info] Set up server listeners with auth (2f0eaa7369a51a6ac967875ce9d53a5706a67876)...
[2023-03-05 17:55:20.476] [info] Responding to SIGTERM and shutting down...
[2023-03-05 18:41:52.911] [info] { level: 'info', from: 'AssetCache', type: 'checkingForAppUpdate' }
[2023-03-05 18:41:53.835] [info] Websocket listening on 39997...
[2023-03-05 18:41:53.840] [info] Set up server listeners with auth (f9a3a5f85c41bcf9a06e72a3f96e0c64ac4a753e)...
[2023-03-05 20:53:41.333] [info] { level: 'info', from: 'AssetCache', type: 'checkingForAppUpdate' }
[2023-03-06 19:47:01.250] [info] { level: 'info', from: 'AssetCache', type: 'checkingForAppUpdate' }
[2023-03-06 19:47:02.317] [info] Websocket listening on 38973...
[2023-03-06 19:47:02.321] [info] Set up server listeners with auth (37e0e56cdcac7b44c4255877921cb18c10bc29c0)...
[2023-03-06 21:26:18.813] [info] Responding to SIGTERM and shutting down...
[2023-03-08 01:03:07.135] [info] { level: 'info', from: 'AssetCache', type: 'checkingForAppUpdate' }
[2023-03-08 01:03:08.228] [info] Websocket listening on 43469...
[2023-03-08 01:03:08.232] [info] Set up server listeners with auth (0252503b41995f68beddb7064ff4dbef2e45551f)...
[2023-03-07 19:52:26.171] [info] Responding to SIGTERM and shutting down...
[2023-03-08 11:11:02.599] [info] { level: 'info', from: 'AssetCache', type: 'checkingForAppUpdate' }
[2023-03-08 11:11:03.747] [info] Websocket listening on 46817...
[2023-03-08 11:11:03.752] [info] Set up server listeners with auth (a9fb396ee67a0a1d2f09e0b64567898629561dca)...
[2023-03-08 15:22:35.394] [info] Responding to SIGTERM and shutting down...
[2023-03-08 19:02:16.430] [info] { level: 'info', from: 'AssetCache', type: 'checkingForAppUpdate' }
[2023-03-08 19:02:17.518] [info] Websocket listening on 34883...
[2023-03-08 19:02:17.522] [info] Set up server listeners with auth (5428bd85e61696b4ea5134939804d21daad5c385)...
[2023-03-08 21:34:04.859] [info] Responding to SIGTERM and shutting down...
[2023-03-09 15:51:02.528] [info] { level: 'info', from: 'AssetCache', type: 'checkingForAppUpdate' }
[2023-03-09 15:51:03.514] [info] Websocket listening on 46865...
[2023-03-09 15:51:03.518] [info] Set up server listeners with auth (8dcde84bbcafbb3f6c1f1bec402ebc0686b6d289)...
[2023-03-09 17:05:48.650] [info] { level: 'info', from: 'AssetCache', type: 'checkingForAppUpdate' }
[2023-03-09 17:05:49.123] [info] Websocket listening on 35055...
[2023-03-09 17:05:49.129] [info] Set up server listeners with auth (127c9bedb08d12acba05e4305b38ba7b189b72bb)...
[2023-03-09 19:00:55.966] [info] Responding to SIGTERM and shutting down...
[2023-03-09 20:24:39.004] [info] { level: 'info', from: 'AssetCache', type: 'checkingForAppUpdate' }
[2023-03-09 20:24:40.119] [info] Websocket listening on 46835...
[2023-03-09 20:24:40.122] [info] Set up server listeners with auth (0dbe3661956f8e55bed59f08423f043ed8ceccc3)...
[2023-03-10 19:03:50.811] [info] { level: 'info', from: 'AssetCache', type: 'checkingForAppUpdate' }
[2023-03-10 19:03:51.698] [info] Websocket listening on 46805...
[2023-03-10 19:03:51.702] [info] Set up server listeners with auth (27334ba87aa362be96b64faeefe87a44232a64d4)...
[2023-03-10 19:11:07.351] [info] Responding to SIGTERM and shutting down...
[2023-03-11 16:09:11.791] [info] { level: 'info', from: 'AssetCache', type: 'checkingForAppUpdate' }
[2023-03-11 16:09:12.902] [info] Websocket listening on 45831...
[2023-03-11 16:09:12.906] [info] Set up server listeners with auth (e121a2ebf24eb494d79c4c3202155ee5fc04c033)...
